#
# There is insufficient memory for the Java Runtime Environment to continue.
# Native memory allocation (malloc) failed to allocate 208336 bytes for Chunk::new
# Possible reasons:
#   The system is out of physical RAM or swap space
#   The process is running with CompressedOops enabled, and the Java Heap may be blocking the growth of the native heap
# Possible solutions:
#   Reduce memory load on the system
#   Increase physical memory or swap space
#   Check if swap backing store is full
#   Decrease Java heap size (-Xmx/-Xms)
#   Decrease number of Java threads
#   Decrease Java thread stack sizes (-Xss)
#   Set larger code cache with -XX:ReservedCodeCacheSize=
#
#  , pid=9060
#
# Time: Mon May 15 12:29:28 2023 India Standard Time elapsed time: 3.616622 seconds (0d 0h 0m 3s)

---------------  T H R E A D  ---------------

Current thread (0x000001d43a609800):  JavaThread "C2 CompilerThread0" daemon [_thread_in_native, id=4920, stack(0x0000009626b00000,0x0000009626c00000)]


Current CompileTask:
C2:   3616  592       4       java.util.HashMap::putVal (300 bytes)

Stack: [0x0000009626b00000,0x0000009626c00000]
Native frames: (J=compiled Java code, j=interpreted, Vv=VM code, C=native code)
V  [jvm.dll+0x62bf8a]
V  [jvm.dll+0x7b8fb9]
V  [jvm.dll+0x7ba6a8]
V  [jvm.dll+0x7bad83]
V  [jvm.dll+0x250248]
V  [jvm.dll+0xc260c]
V  [jvm.dll+0xc2bcc]
V  [jvm.dll+0x35e1c7]
V  [jvm.dll+0x19ebe9]
V  [jvm.dll+0x209495]
V  [jvm.dll+0x20850d]
V  [jvm.dll+0x18a4b1]
V  [jvm.dll+0x217eec]
V  [jvm.dll+0x21612b]
V  [jvm.dll+0x77bac0]
V  [jvm.dll+0x7749f4]
V  [jvm.dll+0x62adf5]
C  [ucrtbase.dll+0x26c0c]
C  [KERNEL32.DLL+0x155a0]
C  [ntdll.dll+0x485b]


---------------  P R O C E S S  ---------------

Threads class SMR info:
_java_thread_list=0x000001d43b0b5af0, length=10, elements={
0x000001d41c08d000, 0x000001d43a5e5000, 0x000001d43a5e7800, 0x000001d43af73000,
0x000001d43a606000, 0x000001d43a607800, 0x000001d43a609800, 0x000001d43a626800,
0x000001d43a62e000, 0x000001d43b0b9000
}

Java Threads: ( => current thread )
  0x000001d41c08d000 JavaThread "main" [_thread_in_Java, id=16820, stack(0x0000009625f00000,0x0000009626000000)]
  0x000001d43a5e5000 JavaThread "Reference Handler" daemon [_thread_blocked, id=9064, stack(0x0000009626600000,0x0000009626700000)]
  0x000001d43a5e7800 JavaThread "Finalizer" daemon [_thread_blocked, id=17484, stack(0x0000009626700000,0x0000009626800000)]
  0x000001d43af73000 JavaThread "Signal Dispatcher" daemon [_thread_blocked, id=15420, stack(0x0000009626800000,0x0000009626900000)]
  0x000001d43a606000 JavaThread "Attach Listener" daemon [_thread_blocked, id=4728, stack(0x0000009626900000,0x0000009626a00000)]
  0x000001d43a607800 JavaThread "Service Thread" daemon [_thread_blocked, id=7108, stack(0x0000009626a00000,0x0000009626b00000)]
=>0x000001d43a609800 JavaThread "C2 CompilerThread0" daemon [_thread_in_native, id=4920, stack(0x0000009626b00000,0x0000009626c00000)]
  0x000001d43a626800 JavaThread "C1 CompilerThread0" daemon [_thread_in_native, id=18248, stack(0x0000009626c00000,0x0000009626d00000)]
  0x000001d43a62e000 JavaThread "Sweeper thread" daemon [_thread_blocked, id=14588, stack(0x0000009626d00000,0x0000009626e00000)]
  0x000001d43b0b9000 JavaThread "Common-Cleaner" daemon [_thread_blocked, id=8904, stack(0x0000009626f00000,0x0000009627000000)]

Other Threads:
  0x000001d43a5c1800 VMThread "VM Thread" [stack: 0x0000009626500000,0x0000009626600000] [id=8728]
  0x000001d43b0b0000 WatcherThread [stack: 0x0000009626e00000,0x0000009626f00000] [id=5092]
  0x000001d41c0a6800 GCTaskThread "GC Thread#0" [stack: 0x0000009626000000,0x0000009626100000] [id=16420]
  0x000001d41c0d4000 ConcurrentGCThread "G1 Main Marker" [stack: 0x0000009626100000,0x0000009626200000] [id=15660]
  0x000001d41c0d6800 ConcurrentGCThread "G1 Conc#0" [stack: 0x0000009626200000,0x0000009626300000] [id=13000]
  0x000001d41c15a000 ConcurrentGCThread "G1 Refine#0" [stack: 0x0000009626300000,0x0000009626400000] [id=17820]
  0x000001d41c15d000 ConcurrentGCThread "G1 Young RemSet Sampling" [stack: 0x0000009626400000,0x0000009626500000] [id=15824]

Threads with active compile tasks:
C2 CompilerThread0     3645  592       4       java.util.HashMap::putVal (300 bytes)
C1 CompilerThread0     3645  636       3       java.util.Comparator$$Lambda$29/0x00000001000e4040::compare (10 bytes)

VM state:not at safepoint (normal execution)

VM Mutex/Monitor currently owned by a thread: None

Heap address: 0x0000000085800000, size: 1960 MB, Compressed Oops mode: 32-bit
Narrow klass base: 0x0000000000000000, Narrow klass shift: 3
Compressed class space size: 1073741824 Address: 0x0000000100000000

Heap:
 garbage-first heap   total 126976K, used 9216K [0x0000000085800000, 0x0000000100000000)
  region size 1024K, 10 young (10240K), 0 survivors (0K)
 Metaspace       used 11321K, capacity 11516K, committed 11648K, reserved 1060864K
  class space    used 1045K, capacity 1107K, committed 1152K, reserved 1048576K
Heap Regions: E=young(eden), S=young(survivor), O=old, HS=humongous(starts), HC=humongous(continues), CS=collection set, F=free, A=archive, TAMS=top-at-mark-start (previous, next)
|   0|0x0000000085800000, 0x0000000085900000, 0x0000000085900000|100%|HS|  |TAMS 0x0000000085800000, 0x0000000085800000| Complete 
|   1|0x0000000085900000, 0x0000000085900000, 0x0000000085a00000|  0%| F|  |TAMS 0x0000000085900000, 0x0000000085900000| Untracked 
|   2|0x0000000085a00000, 0x0000000085a00000, 0x0000000085b00000|  0%| F|  |TAMS 0x0000000085a00000, 0x0000000085a00000| Untracked 
|   3|0x0000000085b00000, 0x0000000085b00000, 0x0000000085c00000|  0%| F|  |TAMS 0x0000000085b00000, 0x0000000085b00000| Untracked 
|   4|0x0000000085c00000, 0x0000000085c00000, 0x0000000085d00000|  0%| F|  |TAMS 0x0000000085c00000, 0x0000000085c00000| Untracked 
|   5|0x0000000085d00000, 0x0000000085d00000, 0x0000000085e00000|  0%| F|  |TAMS 0x0000000085d00000, 0x0000000085d00000| Untracked 
|   6|0x0000000085e00000, 0x0000000085e00000, 0x0000000085f00000|  0%| F|  |TAMS 0x0000000085e00000, 0x0000000085e00000| Untracked 
|   7|0x0000000085f00000, 0x0000000085f00000, 0x0000000086000000|  0%| F|  |TAMS 0x0000000085f00000, 0x0000000085f00000| Untracked 
|   8|0x0000000086000000, 0x0000000086000000, 0x0000000086100000|  0%| F|  |TAMS 0x0000000086000000, 0x0000000086000000| Untracked 
|   9|0x0000000086100000, 0x0000000086100000, 0x0000000086200000|  0%| F|  |TAMS 0x0000000086100000, 0x0000000086100000| Untracked 
|  10|0x0000000086200000, 0x0000000086200000, 0x0000000086300000|  0%| F|  |TAMS 0x0000000086200000, 0x0000000086200000| Untracked 
|  11|0x0000000086300000, 0x0000000086300000, 0x0000000086400000|  0%| F|  |TAMS 0x0000000086300000, 0x0000000086300000| Untracked 
|  12|0x0000000086400000, 0x0000000086400000, 0x0000000086500000|  0%| F|  |TAMS 0x0000000086400000, 0x0000000086400000| Untracked 
|  13|0x0000000086500000, 0x0000000086500000, 0x0000000086600000|  0%| F|  |TAMS 0x0000000086500000, 0x0000000086500000| Untracked 
|  14|0x0000000086600000, 0x0000000086600000, 0x0000000086700000|  0%| F|  |TAMS 0x0000000086600000, 0x0000000086600000| Untracked 
|  15|0x0000000086700000, 0x0000000086700000, 0x0000000086800000|  0%| F|  |TAMS 0x0000000086700000, 0x0000000086700000| Untracked 
|  16|0x0000000086800000, 0x0000000086800000, 0x0000000086900000|  0%| F|  |TAMS 0x0000000086800000, 0x0000000086800000| Untracked 
|  17|0x0000000086900000, 0x0000000086900000, 0x0000000086a00000|  0%| F|  |TAMS 0x0000000086900000, 0x0000000086900000| Untracked 
|  18|0x0000000086a00000, 0x0000000086a00000, 0x0000000086b00000|  0%| F|  |TAMS 0x0000000086a00000, 0x0000000086a00000| Untracked 
|  19|0x0000000086b00000, 0x0000000086b00000, 0x0000000086c00000|  0%| F|  |TAMS 0x0000000086b00000, 0x0000000086b00000| Untracked 
|  20|0x0000000086c00000, 0x0000000086c00000, 0x0000000086d00000|  0%| F|  |TAMS 0x0000000086c00000, 0x0000000086c00000| Untracked 
|  21|0x0000000086d00000, 0x0000000086d00000, 0x0000000086e00000|  0%| F|  |TAMS 0x0000000086d00000, 0x0000000086d00000| Untracked 
|  22|0x0000000086e00000, 0x0000000086e00000, 0x0000000086f00000|  0%| F|  |TAMS 0x0000000086e00000, 0x0000000086e00000| Untracked 
|  23|0x0000000086f00000, 0x0000000086f00000, 0x0000000087000000|  0%| F|  |TAMS 0x0000000086f00000, 0x0000000086f00000| Untracked 
|  24|0x0000000087000000, 0x0000000087000000, 0x0000000087100000|  0%| F|  |TAMS 0x0000000087000000, 0x0000000087000000| Untracked 
|  25|0x0000000087100000, 0x0000000087100000, 0x0000000087200000|  0%| F|  |TAMS 0x0000000087100000, 0x0000000087100000| Untracked 
|  26|0x0000000087200000, 0x0000000087200000, 0x0000000087300000|  0%| F|  |TAMS 0x0000000087200000, 0x0000000087200000| Untracked 
|  27|0x0000000087300000, 0x0000000087300000, 0x0000000087400000|  0%| F|  |TAMS 0x0000000087300000, 0x0000000087300000| Untracked 
|  28|0x0000000087400000, 0x0000000087400000, 0x0000000087500000|  0%| F|  |TAMS 0x0000000087400000, 0x0000000087400000| Untracked 
|  29|0x0000000087500000, 0x0000000087500000, 0x0000000087600000|  0%| F|  |TAMS 0x0000000087500000, 0x0000000087500000| Untracked 
|  30|0x0000000087600000, 0x0000000087600000, 0x0000000087700000|  0%| F|  |TAMS 0x0000000087600000, 0x0000000087600000| Untracked 
|  31|0x0000000087700000, 0x0000000087700000, 0x0000000087800000|  0%| F|  |TAMS 0x0000000087700000, 0x0000000087700000| Untracked 
|  32|0x0000000087800000, 0x0000000087800000, 0x0000000087900000|  0%| F|  |TAMS 0x0000000087800000, 0x0000000087800000| Untracked 
|  33|0x0000000087900000, 0x0000000087900000, 0x0000000087a00000|  0%| F|  |TAMS 0x0000000087900000, 0x0000000087900000| Untracked 
|  34|0x0000000087a00000, 0x0000000087a00000, 0x0000000087b00000|  0%| F|  |TAMS 0x0000000087a00000, 0x0000000087a00000| Untracked 
|  35|0x0000000087b00000, 0x0000000087b00000, 0x0000000087c00000|  0%| F|  |TAMS 0x0000000087b00000, 0x0000000087b00000| Untracked 
|  36|0x0000000087c00000, 0x0000000087c00000, 0x0000000087d00000|  0%| F|  |TAMS 0x0000000087c00000, 0x0000000087c00000| Untracked 
|  37|0x0000000087d00000, 0x0000000087d00000, 0x0000000087e00000|  0%| F|  |TAMS 0x0000000087d00000, 0x0000000087d00000| Untracked 
|  38|0x0000000087e00000, 0x0000000087e00000, 0x0000000087f00000|  0%| F|  |TAMS 0x0000000087e00000, 0x0000000087e00000| Untracked 
|  39|0x0000000087f00000, 0x0000000087f00000, 0x0000000088000000|  0%| F|  |TAMS 0x0000000087f00000, 0x0000000087f00000| Untracked 
|  40|0x0000000088000000, 0x0000000088000000, 0x0000000088100000|  0%| F|  |TAMS 0x0000000088000000, 0x0000000088000000| Untracked 
|  41|0x0000000088100000, 0x0000000088100000, 0x0000000088200000|  0%| F|  |TAMS 0x0000000088100000, 0x0000000088100000| Untracked 
|  42|0x0000000088200000, 0x0000000088200000, 0x0000000088300000|  0%| F|  |TAMS 0x0000000088200000, 0x0000000088200000| Untracked 
|  43|0x0000000088300000, 0x0000000088300000, 0x0000000088400000|  0%| F|  |TAMS 0x0000000088300000, 0x0000000088300000| Untracked 
|  44|0x0000000088400000, 0x0000000088400000, 0x0000000088500000|  0%| F|  |TAMS 0x0000000088400000, 0x0000000088400000| Untracked 
|  45|0x0000000088500000, 0x0000000088500000, 0x0000000088600000|  0%| F|  |TAMS 0x0000000088500000, 0x0000000088500000| Untracked 
|  46|0x0000000088600000, 0x0000000088600000, 0x0000000088700000|  0%| F|  |TAMS 0x0000000088600000, 0x0000000088600000| Untracked 
|  47|0x0000000088700000, 0x0000000088700000, 0x0000000088800000|  0%| F|  |TAMS 0x0000000088700000, 0x0000000088700000| Untracked 
|  48|0x0000000088800000, 0x0000000088800000, 0x0000000088900000|  0%| F|  |TAMS 0x0000000088800000, 0x0000000088800000| Untracked 
|  49|0x0000000088900000, 0x0000000088900000, 0x0000000088a00000|  0%| F|  |TAMS 0x0000000088900000, 0x0000000088900000| Untracked 
|  50|0x0000000088a00000, 0x0000000088a00000, 0x0000000088b00000|  0%| F|  |TAMS 0x0000000088a00000, 0x0000000088a00000| Untracked 
|  51|0x0000000088b00000, 0x0000000088b00000, 0x0000000088c00000|  0%| F|  |TAMS 0x0000000088b00000, 0x0000000088b00000| Untracked 
|  52|0x0000000088c00000, 0x0000000088c00000, 0x0000000088d00000|  0%| F|  |TAMS 0x0000000088c00000, 0x0000000088c00000| Untracked 
|  53|0x0000000088d00000, 0x0000000088d00000, 0x0000000088e00000|  0%| F|  |TAMS 0x0000000088d00000, 0x0000000088d00000| Untracked 
|  54|0x0000000088e00000, 0x0000000088e00000, 0x0000000088f00000|  0%| F|  |TAMS 0x0000000088e00000, 0x0000000088e00000| Untracked 
|  55|0x0000000088f00000, 0x0000000088f00000, 0x0000000089000000|  0%| F|  |TAMS 0x0000000088f00000, 0x0000000088f00000| Untracked 
|  56|0x0000000089000000, 0x0000000089000000, 0x0000000089100000|  0%| F|  |TAMS 0x0000000089000000, 0x0000000089000000| Untracked 
|  57|0x0000000089100000, 0x0000000089100000, 0x0000000089200000|  0%| F|  |TAMS 0x0000000089100000, 0x0000000089100000| Untracked 
|  58|0x0000000089200000, 0x0000000089200000, 0x0000000089300000|  0%| F|  |TAMS 0x0000000089200000, 0x0000000089200000| Untracked 
|  59|0x0000000089300000, 0x0000000089300000, 0x0000000089400000|  0%| F|  |TAMS 0x0000000089300000, 0x0000000089300000| Untracked 
|  60|0x0000000089400000, 0x0000000089400000, 0x0000000089500000|  0%| F|  |TAMS 0x0000000089400000, 0x0000000089400000| Untracked 
|  61|0x0000000089500000, 0x0000000089500000, 0x0000000089600000|  0%| F|  |TAMS 0x0000000089500000, 0x0000000089500000| Untracked 
|  62|0x0000000089600000, 0x0000000089600000, 0x0000000089700000|  0%| F|  |TAMS 0x0000000089600000, 0x0000000089600000| Untracked 
|  63|0x0000000089700000, 0x0000000089700000, 0x0000000089800000|  0%| F|  |TAMS 0x0000000089700000, 0x0000000089700000| Untracked 
|  64|0x0000000089800000, 0x0000000089800000, 0x0000000089900000|  0%| F|  |TAMS 0x0000000089800000, 0x0000000089800000| Untracked 
|  65|0x0000000089900000, 0x0000000089900000, 0x0000000089a00000|  0%| F|  |TAMS 0x0000000089900000, 0x0000000089900000| Untracked 
|  66|0x0000000089a00000, 0x0000000089a00000, 0x0000000089b00000|  0%| F|  |TAMS 0x0000000089a00000, 0x0000000089a00000| Untracked 
|  67|0x0000000089b00000, 0x0000000089b00000, 0x0000000089c00000|  0%| F|  |TAMS 0x0000000089b00000, 0x0000000089b00000| Untracked 
|  68|0x0000000089c00000, 0x0000000089c00000, 0x0000000089d00000|  0%| F|  |TAMS 0x0000000089c00000, 0x0000000089c00000| Untracked 
|  69|0x0000000089d00000, 0x0000000089d00000, 0x0000000089e00000|  0%| F|  |TAMS 0x0000000089d00000, 0x0000000089d00000| Untracked 
|  70|0x0000000089e00000, 0x0000000089e00000, 0x0000000089f00000|  0%| F|  |TAMS 0x0000000089e00000, 0x0000000089e00000| Untracked 
|  71|0x0000000089f00000, 0x0000000089f00000, 0x000000008a000000|  0%| F|  |TAMS 0x0000000089f00000, 0x0000000089f00000| Untracked 
|  72|0x000000008a000000, 0x000000008a000000, 0x000000008a100000|  0%| F|  |TAMS 0x000000008a000000, 0x000000008a000000| Untracked 
|  73|0x000000008a100000, 0x000000008a100000, 0x000000008a200000|  0%| F|  |TAMS 0x000000008a100000, 0x000000008a100000| Untracked 
|  74|0x000000008a200000, 0x000000008a200000, 0x000000008a300000|  0%| F|  |TAMS 0x000000008a200000, 0x000000008a200000| Untracked 
|  75|0x000000008a300000, 0x000000008a300000, 0x000000008a400000|  0%| F|  |TAMS 0x000000008a300000, 0x000000008a300000| Untracked 
|  76|0x000000008a400000, 0x000000008a400000, 0x000000008a500000|  0%| F|  |TAMS 0x000000008a400000, 0x000000008a400000| Untracked 
|  77|0x000000008a500000, 0x000000008a500000, 0x000000008a600000|  0%| F|  |TAMS 0x000000008a500000, 0x000000008a500000| Untracked 
|  78|0x000000008a600000, 0x000000008a600000, 0x000000008a700000|  0%| F|  |TAMS 0x000000008a600000, 0x000000008a600000| Untracked 
|  79|0x000000008a700000, 0x000000008a700000, 0x000000008a800000|  0%| F|  |TAMS 0x000000008a700000, 0x000000008a700000| Untracked 
|  80|0x000000008a800000, 0x000000008a800000, 0x000000008a900000|  0%| F|  |TAMS 0x000000008a800000, 0x000000008a800000| Untracked 
|  81|0x000000008a900000, 0x000000008a900000, 0x000000008aa00000|  0%| F|  |TAMS 0x000000008a900000, 0x000000008a900000| Untracked 
|  82|0x000000008aa00000, 0x000000008aa00000, 0x000000008ab00000|  0%| F|  |TAMS 0x000000008aa00000, 0x000000008aa00000| Untracked 
|  83|0x000000008ab00000, 0x000000008ab00000, 0x000000008ac00000|  0%| F|  |TAMS 0x000000008ab00000, 0x000000008ab00000| Untracked 
|  84|0x000000008ac00000, 0x000000008ac00000, 0x000000008ad00000|  0%| F|  |TAMS 0x000000008ac00000, 0x000000008ac00000| Untracked 
|  85|0x000000008ad00000, 0x000000008ad00000, 0x000000008ae00000|  0%| F|  |TAMS 0x000000008ad00000, 0x000000008ad00000| Untracked 
|  86|0x000000008ae00000, 0x000000008ae00000, 0x000000008af00000|  0%| F|  |TAMS 0x000000008ae00000, 0x000000008ae00000| Untracked 
|  87|0x000000008af00000, 0x000000008af00000, 0x000000008b000000|  0%| F|  |TAMS 0x000000008af00000, 0x000000008af00000| Untracked 
|  88|0x000000008b000000, 0x000000008b000000, 0x000000008b100000|  0%| F|  |TAMS 0x000000008b000000, 0x000000008b000000| Untracked 
|  89|0x000000008b100000, 0x000000008b100000, 0x000000008b200000|  0%| F|  |TAMS 0x000000008b100000, 0x000000008b100000| Untracked 
|  90|0x000000008b200000, 0x000000008b200000, 0x000000008b300000|  0%| F|  |TAMS 0x000000008b200000, 0x000000008b200000| Untracked 
|  91|0x000000008b300000, 0x000000008b300000, 0x000000008b400000|  0%| F|  |TAMS 0x000000008b300000, 0x000000008b300000| Untracked 
|  92|0x000000008b400000, 0x000000008b400000, 0x000000008b500000|  0%| F|  |TAMS 0x000000008b400000, 0x000000008b400000| Untracked 
|  93|0x000000008b500000, 0x000000008b500000, 0x000000008b600000|  0%| F|  |TAMS 0x000000008b500000, 0x000000008b500000| Untracked 
|  94|0x000000008b600000, 0x000000008b600000, 0x000000008b700000|  0%| F|  |TAMS 0x000000008b600000, 0x000000008b600000| Untracked 
|  95|0x000000008b700000, 0x000000008b700000, 0x000000008b800000|  0%| F|  |TAMS 0x000000008b700000, 0x000000008b700000| Untracked 
|  96|0x000000008b800000, 0x000000008b800000, 0x000000008b900000|  0%| F|  |TAMS 0x000000008b800000, 0x000000008b800000| Untracked 
|  97|0x000000008b900000, 0x000000008b900000, 0x000000008ba00000|  0%| F|  |TAMS 0x000000008b900000, 0x000000008b900000| Untracked 
|  98|0x000000008ba00000, 0x000000008ba00000, 0x000000008bb00000|  0%| F|  |TAMS 0x000000008ba00000, 0x000000008ba00000| Untracked 
|  99|0x000000008bb00000, 0x000000008bb00000, 0x000000008bc00000|  0%| F|  |TAMS 0x000000008bb00000, 0x000000008bb00000| Untracked 
| 100|0x000000008bc00000, 0x000000008bc00000, 0x000000008bd00000|  0%| F|  |TAMS 0x000000008bc00000, 0x000000008bc00000| Untracked 
| 101|0x000000008bd00000, 0x000000008bd00000, 0x000000008be00000|  0%| F|  |TAMS 0x000000008bd00000, 0x000000008bd00000| Untracked 
| 102|0x000000008be00000, 0x000000008be00000, 0x000000008bf00000|  0%| F|  |TAMS 0x000000008be00000, 0x000000008be00000| Untracked 
| 103|0x000000008bf00000, 0x000000008bf00000, 0x000000008c000000|  0%| F|  |TAMS 0x000000008bf00000, 0x000000008bf00000| Untracked 
| 104|0x000000008c000000, 0x000000008c000000, 0x000000008c100000|  0%| F|  |TAMS 0x000000008c000000, 0x000000008c000000| Untracked 
| 105|0x000000008c100000, 0x000000008c100000, 0x000000008c200000|  0%| F|  |TAMS 0x000000008c100000, 0x000000008c100000| Untracked 
| 106|0x000000008c200000, 0x000000008c200000, 0x000000008c300000|  0%| F|  |TAMS 0x000000008c200000, 0x000000008c200000| Untracked 
| 107|0x000000008c300000, 0x000000008c300000, 0x000000008c400000|  0%| F|  |TAMS 0x000000008c300000, 0x000000008c300000| Untracked 
| 108|0x000000008c400000, 0x000000008c400000, 0x000000008c500000|  0%| F|  |TAMS 0x000000008c400000, 0x000000008c400000| Untracked 
| 109|0x000000008c500000, 0x000000008c500000, 0x000000008c600000|  0%| F|  |TAMS 0x000000008c500000, 0x000000008c500000| Untracked 
| 110|0x000000008c600000, 0x000000008c600000, 0x000000008c700000|  0%| F|  |TAMS 0x000000008c600000, 0x000000008c600000| Untracked 
| 111|0x000000008c700000, 0x000000008c700000, 0x000000008c800000|  0%| F|  |TAMS 0x000000008c700000, 0x000000008c700000| Untracked 
| 112|0x000000008c800000, 0x000000008c800000, 0x000000008c900000|  0%| F|  |TAMS 0x000000008c800000, 0x000000008c800000| Untracked 
| 113|0x000000008c900000, 0x000000008c900000, 0x000000008ca00000|  0%| F|  |TAMS 0x000000008c900000, 0x000000008c900000| Untracked 
| 114|0x000000008ca00000, 0x000000008ca8fe00, 0x000000008cb00000| 56%| E|  |TAMS 0x000000008ca00000, 0x000000008ca00000| Complete 
| 115|0x000000008cb00000, 0x000000008cc00000, 0x000000008cc00000|100%| E|CS|TAMS 0x000000008cb00000, 0x000000008cb00000| Complete 
| 116|0x000000008cc00000, 0x000000008cd00000, 0x000000008cd00000|100%| E|CS|TAMS 0x000000008cc00000, 0x000000008cc00000| Complete 
| 117|0x000000008cd00000, 0x000000008ce00000, 0x000000008ce00000|100%| E|CS|TAMS 0x000000008cd00000, 0x000000008cd00000| Complete 
| 118|0x000000008ce00000, 0x000000008cf00000, 0x000000008cf00000|100%| E|  |TAMS 0x000000008ce00000, 0x000000008ce00000| Complete 
| 119|0x000000008cf00000, 0x000000008d000000, 0x000000008d000000|100%| E|CS|TAMS 0x000000008cf00000, 0x000000008cf00000| Complete 
| 120|0x000000008d000000, 0x000000008d100000, 0x000000008d100000|100%| E|CS|TAMS 0x000000008d000000, 0x000000008d000000| Complete 
| 121|0x000000008d100000, 0x000000008d200000, 0x000000008d200000|100%| E|CS|TAMS 0x000000008d100000, 0x000000008d100000| Complete 
| 122|0x000000008d200000, 0x000000008d300000, 0x000000008d300000|100%| E|CS|TAMS 0x000000008d200000, 0x000000008d200000| Complete 
| 123|0x000000008d300000, 0x000000008d400000, 0x000000008d400000|100%| E|CS|TAMS 0x000000008d300000, 0x000000008d300000| Complete 

Card table byte_map: [0x000001d433bf0000,0x000001d433fd0000] _byte_map_base: 0x000001d4337c4000

Marking Bits (Prev, Next): (CMBitMap*) 0x000001d41c0cbad8, (CMBitMap*) 0x000001d41c0cbb10
 Prev Bits: [0x000001d4343b0000, 0x000001d436250000)
 Next Bits: [0x000001d436250000, 0x000001d4380f0000)

Polling page: 0x000001d41b870000

Metaspace:

Usage:
  Non-class:     10.17 MB capacity,    10.04 MB ( 99%) used,   119.39 KB (  1%) free+waste,    10.63 KB ( <1%) overhead. 
      Class:      1.08 MB capacity,     1.02 MB ( 94%) used,    58.28 KB (  5%) free+waste,     4.00 KB ( <1%) overhead. 
       Both:     11.25 MB capacity,    11.06 MB ( 98%) used,   177.67 KB (  2%) free+waste,    14.63 KB ( <1%) overhead. 

Virtual space:
  Non-class space:       12.00 MB reserved,      10.25 MB ( 85%) committed 
      Class space:        1.00 GB reserved,       1.13 MB ( <1%) committed 
             Both:        1.01 GB reserved,      11.38 MB (  1%) committed 

Chunk freelists:
   Non-Class:  20.00 KB
       Class:  12.00 KB
        Both:  32.00 KB

MaxMetaspaceSize: 17179869184.00 GB
CompressedClassSpaceSize: 1.00 GB
Initial GC threshold: 20.80 MB
Current GC threshold: 20.80 MB
CDS: off

CodeHeap 'non-profiled nmethods': size=120064Kb used=165Kb max_used=165Kb free=119898Kb
 bounds [0x000001d42c2d0000, 0x000001d42c540000, 0x000001d433810000]
CodeHeap 'profiled nmethods': size=120000Kb used=1137Kb max_used=1137Kb free=118862Kb
 bounds [0x000001d424da0000, 0x000001d425010000, 0x000001d42c2d0000]
CodeHeap 'non-nmethods': size=5696Kb used=1129Kb max_used=1142Kb free=4566Kb
 bounds [0x000001d424810000, 0x000001d424a80000, 0x000001d424da0000]
 total_blobs=1012 nmethods=642 adapters=283
 compilation: enabled
              stopped_count=0, restarted_count=0
 full_count=0

Compilation events (20 events):
Event: 3.602 Thread 0x000001d43a626800 nmethod 607 0x000001d424e9d910 code [0x000001d424e9dac0, 0x000001d424e9dc88]
Event: 3.602 Thread 0x000001d43a626800  605       3       com.google.gson.stream.JsonReader::peek (144 bytes)
Event: 3.603 Thread 0x000001d43a626800 nmethod 605 0x000001d424e9dd90 code [0x000001d424e9df80, 0x000001d424e9e538]
Event: 3.603 Thread 0x000001d43a626800  606       3       com.google.gson.stream.JsonReader::doPeek (744 bytes)
Event: 3.609 Thread 0x000001d43a626800 nmethod 606 0x000001d424e9e690 code [0x000001d424e9f220, 0x000001d424ea4ea8]
Event: 3.609 Thread 0x000001d43a626800  617       3       com.google.gson.stream.JsonReader::peekNumber (481 bytes)
Event: 3.610 Thread 0x000001d43a626800 nmethod 617 0x000001d424ea6e10 code [0x000001d424ea7060, 0x000001d424ea7e58]
Event: 3.610 Thread 0x000001d43a626800  619       3       java.util.HashMap::containsKey (18 bytes)
Event: 3.610 Thread 0x000001d43a626800 nmethod 619 0x000001d424ea8090 code [0x000001d424ea8260, 0x000001d424ea8578]
Event: 3.610 Thread 0x000001d43a626800  602       3       java.lang.String::<init> (74 bytes)
Event: 3.611 Thread 0x000001d43a626800 nmethod 602 0x000001d424ea8690 code [0x000001d424ea88a0, 0x000001d424ea8ef8]
Event: 3.611 Thread 0x000001d43a626800  603       3       java.lang.StringUTF16::compress (20 bytes)
Event: 3.611 Thread 0x000001d43a626800 nmethod 603 0x000001d424ea9190 code [0x000001d424ea9360, 0x000001d424ea9568]
Event: 3.611 Thread 0x000001d43a626800  622       3       java.util.HashMap$EntryIterator::next (5 bytes)
Event: 3.611 Thread 0x000001d43a626800 nmethod 622 0x000001d424ea9610 code [0x000001d424ea97e0, 0x000001d424ea9968]
Event: 3.611 Thread 0x000001d43a626800  623       3       java.util.HashMap$EntryIterator::next (5 bytes)
Event: 3.611 Thread 0x000001d43a626800 nmethod 623 0x000001d424ea9a10 code [0x000001d424ea9bc0, 0x000001d424ea9ce8]
Event: 3.611 Thread 0x000001d43a626800  609       3       com.google.gson.stream.JsonReader::hasNext (30 bytes)
Event: 3.612 Thread 0x000001d43a626800 nmethod 609 0x000001d424ea9d90 code [0x000001d424ea9f60, 0x000001d424eaa1e8]
Event: 3.612 Thread 0x000001d43a626800  610       3       com.google.gson.stream.JsonReader$1::promoteNameToValue (112 bytes)

GC Heap History (0 events):
No events

Deoptimization events (20 events):
Event: 3.234 Thread 0x000001d41c08d000 DEOPT PACKING pc=0x000001d424e0a924 sp=0x0000009625ffc820
Event: 3.234 Thread 0x000001d41c08d000 DEOPT UNPACKING pc=0x000001d424859d0e sp=0x0000009625ffbcb8 mode 0
Event: 3.260 Thread 0x000001d41c08d000 DEOPT PACKING pc=0x000001d424e408b8 sp=0x0000009625ffc6f0
Event: 3.260 Thread 0x000001d41c08d000 DEOPT UNPACKING pc=0x000001d424859d0e sp=0x0000009625ffbb60 mode 0
Event: 3.589 Thread 0x000001d41c08d000 Uncommon trap: trap_request=0xffffffc6 fr.pc=0x000001d42c2e9080 relative=0x00000000000010c0
Event: 3.589 Thread 0x000001d41c08d000 Uncommon trap: reason=bimorphic_or_optimized_type_check action=maybe_recompile pc=0x000001d42c2e9080 method=java.util.HashMap.putVal(ILjava/lang/Object;Ljava/lang/Object;ZZ)Ljava/lang/Object; @ 91 c2
Event: 3.589 Thread 0x000001d41c08d000 DEOPT PACKING pc=0x000001d42c2e9080 sp=0x0000009625ffc170
Event: 3.589 Thread 0x000001d41c08d000 DEOPT UNPACKING pc=0x000001d4248185af sp=0x0000009625ffc120 mode 2
Event: 3.590 Thread 0x000001d41c08d000 Uncommon trap: trap_request=0xffffffc6 fr.pc=0x000001d42c2e9080 relative=0x00000000000010c0
Event: 3.590 Thread 0x000001d41c08d000 Uncommon trap: reason=bimorphic_or_optimized_type_check action=maybe_recompile pc=0x000001d42c2e9080 method=java.util.HashMap.putVal(ILjava/lang/Object;Ljava/lang/Object;ZZ)Ljava/lang/Object; @ 91 c2
Event: 3.590 Thread 0x000001d41c08d000 DEOPT PACKING pc=0x000001d42c2e9080 sp=0x0000009625ffc1d0
Event: 3.590 Thread 0x000001d41c08d000 DEOPT UNPACKING pc=0x000001d4248185af sp=0x0000009625ffc180 mode 2
Event: 3.590 Thread 0x000001d41c08d000 Uncommon trap: trap_request=0xffffffc6 fr.pc=0x000001d42c2e9080 relative=0x00000000000010c0
Event: 3.590 Thread 0x000001d41c08d000 Uncommon trap: reason=bimorphic_or_optimized_type_check action=maybe_recompile pc=0x000001d42c2e9080 method=java.util.HashMap.putVal(ILjava/lang/Object;Ljava/lang/Object;ZZ)Ljava/lang/Object; @ 91 c2
Event: 3.590 Thread 0x000001d41c08d000 DEOPT PACKING pc=0x000001d42c2e9080 sp=0x0000009625ffc160
Event: 3.590 Thread 0x000001d41c08d000 DEOPT UNPACKING pc=0x000001d4248185af sp=0x0000009625ffc110 mode 2
Event: 3.590 Thread 0x000001d41c08d000 Uncommon trap: trap_request=0xffffffc6 fr.pc=0x000001d42c2e9080 relative=0x00000000000010c0
Event: 3.590 Thread 0x000001d41c08d000 Uncommon trap: reason=bimorphic_or_optimized_type_check action=maybe_recompile pc=0x000001d42c2e9080 method=java.util.HashMap.putVal(ILjava/lang/Object;Ljava/lang/Object;ZZ)Ljava/lang/Object; @ 91 c2
Event: 3.590 Thread 0x000001d41c08d000 DEOPT PACKING pc=0x000001d42c2e9080 sp=0x0000009625ffc180
Event: 3.590 Thread 0x000001d41c08d000 DEOPT UNPACKING pc=0x000001d4248185af sp=0x0000009625ffc130 mode 2

Classes redefined (0 events):
No events

Internal exceptions (1 events):
Event: 3.291 Thread 0x000001d41c08d000 Exception <a 'java/lang/NoSuchMethodError'{0x000000008cdb8358}: 'void java.lang.invoke.DirectMethodHandle$Holder.invokeVirtual(java.lang.Object, java.lang.Object)'> (0x000000008cdb8358) thrown at [./src/hotspot/share/interpreter/linkResolver.cpp, line 773]

Events (20 events):
Event: 3.592 loading class java/lang/WeakPairMap
Event: 3.592 loading class java/lang/WeakPairMap done
Event: 3.592 loading class java/lang/WeakPairMap$Pair
Event: 3.592 loading class java/lang/WeakPairMap$Pair done
Event: 3.592 loading class java/lang/WeakPairMap$Pair$Lookup
Event: 3.593 loading class java/lang/WeakPairMap$Pair$Lookup done
Event: 3.593 loading class java/lang/module/ModuleDescriptor$Builder
Event: 3.594 loading class java/lang/module/ModuleDescriptor$Builder done
Event: 3.594 loading class java/lang/WeakPairMap$Pair$Weak
Event: 3.594 loading class java/lang/WeakPairMap$WeakRefPeer
Event: 3.595 loading class java/lang/WeakPairMap$WeakRefPeer done
Event: 3.595 loading class java/lang/WeakPairMap$Pair$Weak done
Event: 3.595 loading class java/lang/WeakPairMap$Pair$Weak$1
Event: 3.595 loading class java/lang/WeakPairMap$Pair$Weak$1 done
Event: 3.597 loading class com/google/gson/internal/ConstructorConstructor$3
Event: 3.597 loading class com/google/gson/internal/ConstructorConstructor$3 done
Event: 3.598 loading class java/lang/reflect/InvocationTargetException
Event: 3.598 loading class java/lang/reflect/InvocationTargetException done
Event: 3.598 loading class java/lang/IllegalAccessException
Event: 3.598 loading class java/lang/IllegalAccessException done


Dynamic libraries:
0x00007ff7b56c0000 - 0x00007ff7b56cd000 	C:\Program Files\Microsoft\jdk-11.0.18.10-hotspot\bin\java.exe
0x00007ffb13b40000 - 0x00007ffb13d49000 	C:\WINDOWS\SYSTEM32\ntdll.dll
0x00007ffb127b0000 - 0x00007ffb1286e000 	C:\WINDOWS\System32\KERNEL32.DLL
0x00007ffb11160000 - 0x00007ffb114e4000 	C:\WINDOWS\System32\KERNELBASE.dll
0x00007ffb11780000 - 0x00007ffb11891000 	C:\WINDOWS\System32\ucrtbase.dll
0x00007ffae5ae0000 - 0x00007ffae5af7000 	C:\Program Files\Microsoft\jdk-11.0.18.10-hotspot\bin\jli.dll
0x00007ffb136e0000 - 0x00007ffb1388d000 	C:\WINDOWS\System32\USER32.dll
0x00007ffb10ff0000 - 0x00007ffb11016000 	C:\WINDOWS\System32\win32u.dll
0x00007ffb139e0000 - 0x00007ffb13a0a000 	C:\WINDOWS\System32\GDI32.dll
0x00007ffb11660000 - 0x00007ffb1177f000 	C:\WINDOWS\System32\gdi32full.dll
0x00007ffb11910000 - 0x00007ffb119ad000 	C:\WINDOWS\System32\msvcp_win.dll
0x00007ffaf3a70000 - 0x00007ffaf3d15000 	C:\WINDOWS\WinSxS\amd64_microsoft.windows.common-controls_6595b64144ccf1df_6.0.22000.120_none_9d947278b86cc467\COMCTL32.dll
0x00007ffb13520000 - 0x00007ffb135c3000 	C:\WINDOWS\System32\msvcrt.dll
0x00007ffae5970000 - 0x00007ffae5985000 	C:\Program Files\Microsoft\jdk-11.0.18.10-hotspot\bin\VCRUNTIME140.dll
0x00007ffb11f40000 - 0x00007ffb11f71000 	C:\WINDOWS\System32\IMM32.DLL
0x00007ffad6d10000 - 0x00007ffad6dab000 	C:\Program Files\Microsoft\jdk-11.0.18.10-hotspot\bin\msvcp140.dll
0x00007ffaad7e0000 - 0x00007ffaae372000 	C:\Program Files\Microsoft\jdk-11.0.18.10-hotspot\bin\server\jvm.dll
0x00007ffb13930000 - 0x00007ffb139df000 	C:\WINDOWS\System32\ADVAPI32.dll
0x00007ffb13890000 - 0x00007ffb1392e000 	C:\WINDOWS\System32\sechost.dll
0x00007ffb12870000 - 0x00007ffb12991000 	C:\WINDOWS\System32\RPCRT4.dll
0x00007ffb134a0000 - 0x00007ffb134a8000 	C:\WINDOWS\System32\PSAPI.DLL
0x00007ffaf3920000 - 0x00007ffaf3929000 	C:\WINDOWS\SYSTEM32\WSOCK32.dll
0x00007ffb134b0000 - 0x00007ffb1351f000 	C:\WINDOWS\System32\WS2_32.dll
0x00007ffb08890000 - 0x00007ffb088c3000 	C:\WINDOWS\SYSTEM32\WINMM.dll
0x00007ffb082b0000 - 0x00007ffb082ba000 	C:\WINDOWS\SYSTEM32\VERSION.dll
0x00007ffb10160000 - 0x00007ffb10178000 	C:\WINDOWS\SYSTEM32\kernel.appcore.dll
0x00007ffaf3a40000 - 0x00007ffaf3a50000 	C:\Program Files\Microsoft\jdk-11.0.18.10-hotspot\bin\verify.dll
0x00007ffb0e210000 - 0x00007ffb0e431000 	C:\WINDOWS\SYSTEM32\DBGHELP.DLL
0x00007ffaf19c0000 - 0x00007ffaf19f1000 	C:\WINDOWS\SYSTEM32\dbgcore.DLL
0x00007ffb110e0000 - 0x00007ffb1115f000 	C:\WINDOWS\System32\bcryptPrimitives.dll
0x00007ffae27c0000 - 0x00007ffae27e8000 	C:\Program Files\Microsoft\jdk-11.0.18.10-hotspot\bin\java.dll
0x00007ffaf3800000 - 0x00007ffaf380a000 	C:\Program Files\Microsoft\jdk-11.0.18.10-hotspot\bin\jimage.dll
0x00007ffae3700000 - 0x00007ffae3718000 	C:\Program Files\Microsoft\jdk-11.0.18.10-hotspot\bin\zip.dll
0x00007ffb11f80000 - 0x00007ffb12745000 	C:\WINDOWS\System32\SHELL32.dll
0x00007ffb0f0d0000 - 0x00007ffb0f934000 	C:\WINDOWS\SYSTEM32\windows.storage.dll
0x00007ffb129b0000 - 0x00007ffb12d26000 	C:\WINDOWS\System32\combase.dll
0x00007ffb0ef60000 - 0x00007ffb0f0c7000 	C:\WINDOWS\SYSTEM32\wintypes.dll
0x00007ffb12d30000 - 0x00007ffb12e1a000 	C:\WINDOWS\System32\SHCORE.dll
0x00007ffb13440000 - 0x00007ffb1349d000 	C:\WINDOWS\System32\shlwapi.dll
0x00007ffb10f20000 - 0x00007ffb10f41000 	C:\WINDOWS\SYSTEM32\profapi.dll
0x00007ffae24c0000 - 0x00007ffae24d9000 	C:\Program Files\Microsoft\jdk-11.0.18.10-hotspot\bin\net.dll
0x00007ffb091d0000 - 0x00007ffb092e3000 	C:\WINDOWS\SYSTEM32\WINHTTP.dll
0x00007ffb10600000 - 0x00007ffb10667000 	C:\WINDOWS\system32\mswsock.dll
0x00007ffae1d90000 - 0x00007ffae1da3000 	C:\Program Files\Microsoft\jdk-11.0.18.10-hotspot\bin\nio.dll

dbghelp: loaded successfully - version: 4.0.5 - missing functions: none
symbol engine: initialized successfully - sym options: 0x614 - pdb path: .;C:\Program Files\Microsoft\jdk-11.0.18.10-hotspot\bin;C:\WINDOWS\SYSTEM32;C:\WINDOWS\WinSxS\amd64_microsoft.windows.common-controls_6595b64144ccf1df_6.0.22000.120_none_9d947278b86cc467;C:\Program Files\Microsoft\jdk-11.0.18.10-hotspot\bin\server

VM Arguments:
jvm_args: -Dfile.encoding=utf8 
java_command: c:\Users\Chand\.vscode\extensions\vscjava.vscode-gradle-3.12.7\lib\gradle-language-server.jar
java_class_path (initial): c:\Users\Chand\.vscode\extensions\vscjava.vscode-gradle-3.12.7\lib\gradle-language-server.jar
Launcher Type: SUN_STANDARD

[Global flags]
     intx CICompilerCount                          = 3                                         {product} {ergonomic}
     uint ConcGCThreads                            = 1                                         {product} {ergonomic}
     uint G1ConcRefinementThreads                  = 4                                         {product} {ergonomic}
   size_t G1HeapRegionSize                         = 1048576                                   {product} {ergonomic}
    uintx GCDrainStackTargetSize                   = 64                                        {product} {ergonomic}
   size_t InitialHeapSize                          = 130023424                                 {product} {ergonomic}
   size_t MarkStackSize                            = 4194304                                   {product} {ergonomic}
   size_t MaxHeapSize                              = 2055208960                                {product} {ergonomic}
   size_t MaxNewSize                               = 1233125376                                {product} {ergonomic}
   size_t MinHeapDeltaBytes                        = 1048576                                   {product} {ergonomic}
    uintx NonNMethodCodeHeapSize                   = 5830732                                {pd product} {ergonomic}
    uintx NonProfiledCodeHeapSize                  = 122913754                              {pd product} {ergonomic}
    uintx ProfiledCodeHeapSize                     = 122913754                              {pd product} {ergonomic}
    uintx ReservedCodeCacheSize                    = 251658240                              {pd product} {ergonomic}
     bool SegmentedCodeCache                       = true                                      {product} {ergonomic}
     bool UseCompressedClassPointers               = true                                 {lp64_product} {ergonomic}
     bool UseCompressedOops                        = true                                 {lp64_product} {ergonomic}
     bool UseG1GC                                  = true                                      {product} {ergonomic}
     bool UseLargePagesIndividualAllocation        = false                                  {pd product} {ergonomic}

Logging:
Log output configuration:
 #0: stdout all=warning uptime,level,tags
 #1: stderr all=off uptime,level,tags

Environment Variables:
JAVA_HOME=C:\Program Files\Microsoft\jdk-11.0.18.10-hotspot\
PATH=C:\Program Files\Microsoft\jdk-11.0.18.10-hotspot\bin;C:\Program Files\Eclipse Adoptium\jdk-11.0.17.8-hotspot\bin;C:\Python310\Scripts\;C:\Python310\;C:\Program Files\Common Files\Oracle\Java\javapath;C:\Python39\Scripts\;C:\Python39\;C:\WINDOWS\system32;C:\WINDOWS;C:\WINDOWS\System32\Wbem;C:\WINDOWS\System32\WindowsPowerShell\v1.0\;C:\WINDOWS\System32\OpenSSH\;C:\ProgramData\chocolatey\bin;C:\Program Files (x86)\PowerShell\7\;C:\Users\Chand\AppData\Local\Microsoft\WindowsApps;F:\Microsoft VS Code\bin;F:\python\python39\Scripts;F:\python\python39\Lib;F:\python\python39;C:\Program Files\JetBrains\IntelliJ IDEA Community Edition 2021.2\bin;C:\Users\Chand\AppData\Roaming\npm;C:\Program Files\heroku\bin;C:\Program Files\MongoDB\Server\5.0\bin;C:\adb;F:\Git\cmd;C:\Program Files\Java\jdk-19;C:\src\flutter\bin;C:\Program Files\nodejs\;C:\Program Files\Git\cmd;C:\Users\Chand\AppData\Local\Microsoft\WindowsApps;F:\Microsoft VS Code\bin;F:\python\python39\Scripts;F:\python\python39\Lib;F:\python\python39;C:\Program Files\JetBrains\IntelliJ IDEA Community Edition 2021.2\bin;;C:\Program Files\heroku\bin;C:\Program Files\MongoDB\Server\5.0\bin;C:\Program Files\Java\jdk-19\bin;C:\Program Files\Java\jdk-19\bin\keytool.exe;C:\src\flutter\bin;C:\Users\Chand\AppData\Roaming\npm;C:\Users\Chand\AppData\Local\Programs\Microsoft VS Code\bin
USERNAME=Chand
OS=Windows_NT
PROCESSOR_IDENTIFIER=Intel64 Family 6 Model 140 Stepping 1, GenuineIntel
TMP=C:\Users\Chand\AppData\Local\Temp
TEMP=C:\Users\Chand\AppData\Local\Temp



---------------  S Y S T E M  ---------------

OS: Windows 11 , 64 bit Build 22000 (10.0.22000.1880)
OS uptime: 0 days 19:42 hours

CPU:total 4 (initial active 4) (2 cores per cpu, 2 threads per core) family 6 model 140 stepping 1 microcode 0x9a, cmov, cx8, fxsr, mmx, sse, sse2, sse3, ssse3, sse4.1, sse4.2, popcnt, avx, avx2, aes, clmul, erms, 3dnowpref, lzcnt, ht, tsc, tscinvbit, bmi1, bmi2, adx, evex, sha, fma

Memory: 4k page, system-wide physical 7834M (48M free)
TotalPageFile size 28999M (AvailPageFile size 0M)
current process WorkingSet (physical memory assigned to process): 56M, peak: 56M
current process commit charge ("private bytes"): 203M, peak: 203M

vm_info: OpenJDK 64-Bit Server VM (11.0.18+10-LTS) for windows-amd64 JRE (11.0.18+10-LTS), built on Jan 18 2023 15:56:47 by "MicrosoftCorporation" with MS VC++ 15.9 (VS2017)

END.
