#
# There is insufficient memory for the Java Runtime Environment to continue.
# Native memory allocation (malloc) failed to allocate 32744 bytes for ChunkPool::allocate
# Possible reasons:
#   The system is out of physical RAM or swap space
#   The process is running with CompressedOops enabled, and the Java Heap may be blocking the growth of the native heap
# Possible solutions:
#   Reduce memory load on the system
#   Increase physical memory or swap space
#   Check if swap backing store is full
#   Decrease Java heap size (-Xmx/-Xms)
#   Decrease number of Java threads
#   Decrease Java thread stack sizes (-Xss)
#   Set larger code cache with -XX:ReservedCodeCacheSize=
#   JVM is running with Unscaled Compressed Oops mode in which the Java heap is
#     placed in the first 4GB address space. The Java Heap base address is the
#     maximum limit for the native heap growth. Please use -XX:HeapBaseMinAddress
#     to set the Java Heap base and to place the Java Heap above 4GB virtual address.
# This output file may be truncated or incomplete.
#
#  Out of Memory Error (./src/hotspot/share/memory/arena.cpp:81), pid=29668, tid=10628
#
# JRE version: OpenJDK Runtime Environment Microsoft-7208460 (11.0.18+10) (build 11.0.18+10-LTS)
# Java VM: OpenJDK 64-Bit Server VM Microsoft-7208460 (11.0.18+10-LTS, mixed mode, tiered, compressed oops, g1 gc, windows-amd64)
# No core dump will be written. Minidumps are not enabled by default on client versions of Windows
#

---------------  S U M M A R Y ------------

Command Line: org.jetbrains.kotlin.cli.jvm.K2JVMCompiler @F:\Rnvalves3\node_modules\react-native-gesture-handler\android\build\20230503_16338331985634623731.compiler.options

Host: 11th Gen Intel(R) Core(TM) i3-1115G4 @ 3.00GHz, 4 cores, 7G,  Windows 11 , 64 bit Build 22000 (10.0.22000.1761)
Time: Wed May  3 11:46:45 2023 India Standard Time elapsed time: 27.718152 seconds (0d 0h 0m 27s)

---------------  T H R E A D  ---------------

Current thread (0x000002316530d800):  JavaThread "C2 CompilerThread0" daemon [_thread_in_native, id=10628, stack(0x0000004d93400000,0x0000004d93500000)]


Current CompileTask:
C2:  27718 6727 % !   4       org.jetbrains.kotlin.metadata.ProtoBuf$Function::<init> @ 41 (1410 bytes)

Stack: [0x0000004d93400000,0x0000004d93500000]
Native frames: (J=compiled Java code, j=interpreted, Vv=VM code, C=native code)
V  [jvm.dll+0x62bf8a]
V  [jvm.dll+0x7b8fb9]
V  [jvm.dll+0x7ba6a8]
V  [jvm.dll+0x7bad83]
V  [jvm.dll+0x250248]
V  [jvm.dll+0xc286b]
V  [jvm.dll+0xc2bcc]
V  [jvm.dll+0x36303b]
V  [jvm.dll+0x519af6]
V  [jvm.dll+0x518c70]
V  [jvm.dll+0x51975b]
V  [jvm.dll+0x32a3a2]
V  [jvm.dll+0x3296aa]
V  [jvm.dll+0x2093b3]
V  [jvm.dll+0x20850d]
V  [jvm.dll+0x18a4b1]
V  [jvm.dll+0x217eec]
V  [jvm.dll+0x21612b]
V  [jvm.dll+0x77bac0]
V  [jvm.dll+0x7749f4]
V  [jvm.dll+0x62adf5]
C  [ucrtbase.dll+0x26c0c]
C  [KERNEL32.DLL+0x15590]
C  [ntdll.dll+0x485b]


---------------  P R O C E S S  ---------------

Threads class SMR info:
_java_thread_list=0x0000023165dc1f20, length=10, elements={
0x0000023146da1800, 0x00000231652ea800, 0x00000231652eb800, 0x000002316530a000,
0x000002316530a800, 0x000002316530c800, 0x000002316530d800, 0x0000023165cc3800,
0x0000023165cc7000, 0x0000023165dc2800
}

Java Threads: ( => current thread )
  0x0000023146da1800 JavaThread "main" [_thread_in_Java, id=10424, stack(0x0000004d92800000,0x0000004d92900000)]
  0x00000231652ea800 JavaThread "Reference Handler" daemon [_thread_blocked, id=6728, stack(0x0000004d92f00000,0x0000004d93000000)]
  0x00000231652eb800 JavaThread "Finalizer" daemon [_thread_blocked, id=27060, stack(0x0000004d93000000,0x0000004d93100000)]
  0x000002316530a000 JavaThread "Signal Dispatcher" daemon [_thread_blocked, id=27628, stack(0x0000004d93100000,0x0000004d93200000)]
  0x000002316530a800 JavaThread "Attach Listener" daemon [_thread_blocked, id=29632, stack(0x0000004d93200000,0x0000004d93300000)]
  0x000002316530c800 JavaThread "Service Thread" daemon [_thread_blocked, id=23524, stack(0x0000004d93300000,0x0000004d93400000)]
=>0x000002316530d800 JavaThread "C2 CompilerThread0" daemon [_thread_in_native, id=10628, stack(0x0000004d93400000,0x0000004d93500000)]
  0x0000023165cc3800 JavaThread "C1 CompilerThread0" daemon [_thread_blocked, id=28224, stack(0x0000004d93500000,0x0000004d93600000)]
  0x0000023165cc7000 JavaThread "Sweeper thread" daemon [_thread_blocked, id=19384, stack(0x0000004d93600000,0x0000004d93700000)]
  0x0000023165dc2800 JavaThread "Common-Cleaner" daemon [_thread_blocked, id=26384, stack(0x0000004d93800000,0x0000004d93900000)]

Other Threads:
  0x00000231652e8800 VMThread "VM Thread" [stack: 0x0000004d92e00000,0x0000004d92f00000] [id=30220]
  0x0000023165db7800 WatcherThread [stack: 0x0000004d93700000,0x0000004d93800000] [id=16344]
  0x0000023146db9000 GCTaskThread "GC Thread#0" [stack: 0x0000004d92900000,0x0000004d92a00000] [id=28848]
  0x00000231661c5000 GCTaskThread "GC Thread#1" [stack: 0x0000004d93900000,0x0000004d93a00000] [id=28984]
  0x0000023146de8000 ConcurrentGCThread "G1 Main Marker" [stack: 0x0000004d92a00000,0x0000004d92b00000] [id=27488]
  0x0000023146dea000 ConcurrentGCThread "G1 Conc#0" [stack: 0x0000004d92b00000,0x0000004d92c00000] [id=29164]
  0x0000023146e6b000 ConcurrentGCThread "G1 Refine#0" [stack: 0x0000004d92c00000,0x0000004d92d00000] [id=30700]
  0x0000023146e6c000 ConcurrentGCThread "G1 Young RemSet Sampling" [stack: 0x0000004d92d00000,0x0000004d92e00000] [id=29804]

Threads with active compile tasks:
C2 CompilerThread0    27934 6727 % !   4       org.jetbrains.kotlin.metadata.ProtoBuf$Function::<init> @ 41 (1410 bytes)

VM state:not at safepoint (normal execution)

VM Mutex/Monitor currently owned by a thread: None

Heap address: 0x0000000085800000, size: 1960 MB, Compressed Oops mode: 32-bit
Narrow klass base: 0x0000000000000000, Narrow klass shift: 3
Compressed class space size: 1073741824 Address: 0x0000000100000000

Heap:
 garbage-first heap   total 152576K, used 53760K [0x0000000085800000, 0x0000000100000000)
  region size 1024K, 21 young (21504K), 6 survivors (6144K)
 Metaspace       used 61128K, capacity 61968K, committed 62208K, reserved 1103872K
  class space    used 7059K, capacity 7404K, committed 7424K, reserved 1048576K
Heap Regions: E=young(eden), S=young(survivor), O=old, HS=humongous(starts), HC=humongous(continues), CS=collection set, F=free, A=archive, TAMS=top-at-mark-start (previous, next)
|   0|0x0000000085800000, 0x0000000085900000, 0x0000000085900000|100%|HS|  |TAMS 0x0000000085900000, 0x0000000085800000| Complete 
|   1|0x0000000085900000, 0x0000000085a00000, 0x0000000085a00000|100%|HC|  |TAMS 0x0000000085a00000, 0x0000000085900000| Complete 
|   2|0x0000000085a00000, 0x0000000085b00000, 0x0000000085b00000|100%|HC|  |TAMS 0x0000000085b00000, 0x0000000085a00000| Complete 
|   3|0x0000000085b00000, 0x0000000085c00000, 0x0000000085c00000|100%| O|  |TAMS 0x0000000085c00000, 0x0000000085b00000| Untracked 
|   4|0x0000000085c00000, 0x0000000085d00000, 0x0000000085d00000|100%| O|  |TAMS 0x0000000085d00000, 0x0000000085c00000| Untracked 
|   5|0x0000000085d00000, 0x0000000085e00000, 0x0000000085e00000|100%|HS|  |TAMS 0x0000000085e00000, 0x0000000085d00000| Complete 
|   6|0x0000000085e00000, 0x0000000085f00000, 0x0000000085f00000|100%|HC|  |TAMS 0x0000000085f00000, 0x0000000085e00000| Complete 
|   7|0x0000000085f00000, 0x0000000086000000, 0x0000000086000000|100%|HC|  |TAMS 0x0000000086000000, 0x0000000085f00000| Complete 
|   8|0x0000000086000000, 0x0000000086100000, 0x0000000086100000|100%|HS|  |TAMS 0x0000000086100000, 0x0000000086000000| Complete 
|   9|0x0000000086100000, 0x0000000086200000, 0x0000000086200000|100%|HC|  |TAMS 0x0000000086200000, 0x0000000086100000| Complete 
|  10|0x0000000086200000, 0x0000000086300000, 0x0000000086300000|100%| O|  |TAMS 0x0000000086300000, 0x0000000086200000| Untracked 
|  11|0x0000000086300000, 0x0000000086400000, 0x0000000086400000|100%| O|  |TAMS 0x0000000086400000, 0x0000000086300000| Untracked 
|  12|0x0000000086400000, 0x0000000086500000, 0x0000000086500000|100%| O|  |TAMS 0x0000000086500000, 0x0000000086400000| Untracked 
|  13|0x0000000086500000, 0x0000000086600000, 0x0000000086600000|100%| O|  |TAMS 0x0000000086600000, 0x0000000086500000| Untracked 
|  14|0x0000000086600000, 0x0000000086700000, 0x0000000086700000|100%| O|  |TAMS 0x0000000086700000, 0x0000000086600000| Untracked 
|  15|0x0000000086700000, 0x0000000086800000, 0x0000000086800000|100%| O|  |TAMS 0x0000000086800000, 0x0000000086700000| Untracked 
|  16|0x0000000086800000, 0x0000000086900000, 0x0000000086900000|100%| O|  |TAMS 0x0000000086900000, 0x0000000086800000| Untracked 
|  17|0x0000000086900000, 0x0000000086a00000, 0x0000000086a00000|100%| O|  |TAMS 0x0000000086a00000, 0x0000000086900000| Untracked 
|  18|0x0000000086a00000, 0x0000000086b00000, 0x0000000086b00000|100%| O|  |TAMS 0x0000000086b00000, 0x0000000086a00000| Untracked 
|  19|0x0000000086b00000, 0x0000000086c00000, 0x0000000086c00000|100%| O|  |TAMS 0x0000000086c00000, 0x0000000086b00000| Untracked 
|  20|0x0000000086c00000, 0x0000000086d00000, 0x0000000086d00000|100%| O|  |TAMS 0x0000000086d00000, 0x0000000086c00000| Untracked 
|  21|0x0000000086d00000, 0x0000000086e00000, 0x0000000086e00000|100%| O|  |TAMS 0x0000000086e00000, 0x0000000086d00000| Untracked 
|  22|0x0000000086e00000, 0x0000000086f00000, 0x0000000086f00000|100%| O|  |TAMS 0x0000000086f00000, 0x0000000086e00000| Untracked 
|  23|0x0000000086f00000, 0x0000000087000000, 0x0000000087000000|100%| O|  |TAMS 0x0000000087000000, 0x0000000086f00000| Untracked 
|  24|0x0000000087000000, 0x0000000087100000, 0x0000000087100000|100%| O|  |TAMS 0x0000000087100000, 0x0000000087000000| Untracked 
|  25|0x0000000087100000, 0x0000000087200000, 0x0000000087200000|100%| O|  |TAMS 0x0000000087200000, 0x0000000087100000| Untracked 
|  26|0x0000000087200000, 0x0000000087300000, 0x0000000087300000|100%| O|  |TAMS 0x0000000087300000, 0x0000000087200000| Untracked 
|  27|0x0000000087300000, 0x0000000087400000, 0x0000000087400000|100%| O|  |TAMS 0x0000000087400000, 0x0000000087300000| Untracked 
|  28|0x0000000087400000, 0x0000000087500000, 0x0000000087500000|100%| O|  |TAMS 0x0000000087500000, 0x0000000087400000| Untracked 
|  29|0x0000000087500000, 0x0000000087600000, 0x0000000087600000|100%| O|  |TAMS 0x0000000087600000, 0x0000000087500000| Untracked 
|  30|0x0000000087600000, 0x0000000087700000, 0x0000000087700000|100%| O|  |TAMS 0x0000000087700000, 0x0000000087600000| Untracked 
|  31|0x0000000087700000, 0x0000000087800000, 0x0000000087800000|100%| O|  |TAMS 0x0000000087800000, 0x0000000087700000| Untracked 
|  32|0x0000000087800000, 0x0000000087900000, 0x0000000087900000|100%| O|  |TAMS 0x0000000087900000, 0x0000000087800000| Untracked 
|  33|0x0000000087900000, 0x0000000087900000, 0x0000000087a00000|  0%| F|  |TAMS 0x0000000087900000, 0x0000000087900000| Untracked 
|  34|0x0000000087a00000, 0x0000000087a00000, 0x0000000087b00000|  0%| F|  |TAMS 0x0000000087a00000, 0x0000000087a00000| Untracked 
|  35|0x0000000087b00000, 0x0000000087b00000, 0x0000000087c00000|  0%| F|  |TAMS 0x0000000087b00000, 0x0000000087b00000| Untracked 
|  36|0x0000000087c00000, 0x0000000087c00000, 0x0000000087d00000|  0%| F|  |TAMS 0x0000000087c00000, 0x0000000087c00000| Untracked 
|  37|0x0000000087d00000, 0x0000000087d00000, 0x0000000087e00000|  0%| F|  |TAMS 0x0000000087d00000, 0x0000000087d00000| Untracked 
|  38|0x0000000087e00000, 0x0000000087e00000, 0x0000000087f00000|  0%| F|  |TAMS 0x0000000087e00000, 0x0000000087e00000| Untracked 
|  39|0x0000000087f00000, 0x0000000087f00000, 0x0000000088000000|  0%| F|  |TAMS 0x0000000087f00000, 0x0000000087f00000| Untracked 
|  40|0x0000000088000000, 0x0000000088000000, 0x0000000088100000|  0%| F|  |TAMS 0x0000000088000000, 0x0000000088000000| Untracked 
|  41|0x0000000088100000, 0x0000000088100000, 0x0000000088200000|  0%| F|  |TAMS 0x0000000088100000, 0x0000000088100000| Untracked 
|  42|0x0000000088200000, 0x0000000088200000, 0x0000000088300000|  0%| F|  |TAMS 0x0000000088200000, 0x0000000088200000| Untracked 
|  43|0x0000000088300000, 0x0000000088300000, 0x0000000088400000|  0%| F|  |TAMS 0x0000000088300000, 0x0000000088300000| Untracked 
|  44|0x0000000088400000, 0x0000000088400000, 0x0000000088500000|  0%| F|  |TAMS 0x0000000088400000, 0x0000000088400000| Untracked 
|  45|0x0000000088500000, 0x0000000088500000, 0x0000000088600000|  0%| F|  |TAMS 0x0000000088500000, 0x0000000088500000| Untracked 
|  46|0x0000000088600000, 0x0000000088600000, 0x0000000088700000|  0%| F|  |TAMS 0x0000000088600000, 0x0000000088600000| Untracked 
|  47|0x0000000088700000, 0x0000000088700000, 0x0000000088800000|  0%| F|  |TAMS 0x0000000088700000, 0x0000000088700000| Untracked 
|  48|0x0000000088800000, 0x0000000088800000, 0x0000000088900000|  0%| F|  |TAMS 0x0000000088800000, 0x0000000088800000| Untracked 
|  49|0x0000000088900000, 0x0000000088900000, 0x0000000088a00000|  0%| F|  |TAMS 0x0000000088900000, 0x0000000088900000| Untracked 
|  50|0x0000000088a00000, 0x0000000088a00000, 0x0000000088b00000|  0%| F|  |TAMS 0x0000000088a00000, 0x0000000088a00000| Untracked 
|  51|0x0000000088b00000, 0x0000000088b00000, 0x0000000088c00000|  0%| F|  |TAMS 0x0000000088b00000, 0x0000000088b00000| Untracked 
|  52|0x0000000088c00000, 0x0000000088c00000, 0x0000000088d00000|  0%| F|  |TAMS 0x0000000088c00000, 0x0000000088c00000| Untracked 
|  53|0x0000000088d00000, 0x0000000088d00000, 0x0000000088e00000|  0%| F|  |TAMS 0x0000000088d00000, 0x0000000088d00000| Untracked 
|  54|0x0000000088e00000, 0x0000000088e00000, 0x0000000088f00000|  0%| F|  |TAMS 0x0000000088e00000, 0x0000000088e00000| Untracked 
|  55|0x0000000088f00000, 0x0000000088f00000, 0x0000000089000000|  0%| F|  |TAMS 0x0000000088f00000, 0x0000000088f00000| Untracked 
|  56|0x0000000089000000, 0x0000000089000000, 0x0000000089100000|  0%| F|  |TAMS 0x0000000089000000, 0x0000000089000000| Untracked 
|  57|0x0000000089100000, 0x0000000089100000, 0x0000000089200000|  0%| F|  |TAMS 0x0000000089100000, 0x0000000089100000| Untracked 
|  58|0x0000000089200000, 0x0000000089200000, 0x0000000089300000|  0%| F|  |TAMS 0x0000000089200000, 0x0000000089200000| Untracked 
|  59|0x0000000089300000, 0x0000000089300000, 0x0000000089400000|  0%| F|  |TAMS 0x0000000089300000, 0x0000000089300000| Untracked 
|  60|0x0000000089400000, 0x0000000089400000, 0x0000000089500000|  0%| F|  |TAMS 0x0000000089400000, 0x0000000089400000| Untracked 
|  61|0x0000000089500000, 0x0000000089500000, 0x0000000089600000|  0%| F|  |TAMS 0x0000000089500000, 0x0000000089500000| Untracked 
|  62|0x0000000089600000, 0x0000000089600000, 0x0000000089700000|  0%| F|  |TAMS 0x0000000089600000, 0x0000000089600000| Untracked 
|  63|0x0000000089700000, 0x0000000089700000, 0x0000000089800000|  0%| F|  |TAMS 0x0000000089700000, 0x0000000089700000| Untracked 
|  64|0x0000000089800000, 0x0000000089800000, 0x0000000089900000|  0%| F|  |TAMS 0x0000000089800000, 0x0000000089800000| Untracked 
|  65|0x0000000089900000, 0x0000000089900000, 0x0000000089a00000|  0%| F|  |TAMS 0x0000000089900000, 0x0000000089900000| Untracked 
|  66|0x0000000089a00000, 0x0000000089a00000, 0x0000000089b00000|  0%| F|  |TAMS 0x0000000089a00000, 0x0000000089a00000| Untracked 
|  67|0x0000000089b00000, 0x0000000089b00000, 0x0000000089c00000|  0%| F|  |TAMS 0x0000000089b00000, 0x0000000089b00000| Untracked 
|  68|0x0000000089c00000, 0x0000000089c00000, 0x0000000089d00000|  0%| F|  |TAMS 0x0000000089c00000, 0x0000000089c00000| Untracked 
|  69|0x0000000089d00000, 0x0000000089d00000, 0x0000000089e00000|  0%| F|  |TAMS 0x0000000089d00000, 0x0000000089d00000| Untracked 
|  70|0x0000000089e00000, 0x0000000089e00000, 0x0000000089f00000|  0%| F|  |TAMS 0x0000000089e00000, 0x0000000089e00000| Untracked 
|  71|0x0000000089f00000, 0x0000000089f00000, 0x000000008a000000|  0%| F|  |TAMS 0x0000000089f00000, 0x0000000089f00000| Untracked 
|  72|0x000000008a000000, 0x000000008a000000, 0x000000008a100000|  0%| F|  |TAMS 0x000000008a000000, 0x000000008a000000| Untracked 
|  73|0x000000008a100000, 0x000000008a100000, 0x000000008a200000|  0%| F|  |TAMS 0x000000008a100000, 0x000000008a100000| Untracked 
|  74|0x000000008a200000, 0x000000008a200000, 0x000000008a300000|  0%| F|  |TAMS 0x000000008a200000, 0x000000008a200000| Untracked 
|  75|0x000000008a300000, 0x000000008a300000, 0x000000008a400000|  0%| F|  |TAMS 0x000000008a300000, 0x000000008a300000| Untracked 
|  76|0x000000008a400000, 0x000000008a480000, 0x000000008a500000| 50%| S|CS|TAMS 0x000000008a400000, 0x000000008a400000| Complete 
|  77|0x000000008a500000, 0x000000008a600000, 0x000000008a600000|100%| S|CS|TAMS 0x000000008a500000, 0x000000008a500000| Complete 
|  78|0x000000008a600000, 0x000000008a700000, 0x000000008a700000|100%| S|CS|TAMS 0x000000008a600000, 0x000000008a600000| Complete 
|  79|0x000000008a700000, 0x000000008a800000, 0x000000008a800000|100%| S|CS|TAMS 0x000000008a700000, 0x000000008a700000| Complete 
|  80|0x000000008a800000, 0x000000008a900000, 0x000000008a900000|100%| S|CS|TAMS 0x000000008a800000, 0x000000008a800000| Complete 
|  81|0x000000008a900000, 0x000000008aa00000, 0x000000008aa00000|100%| S|CS|TAMS 0x000000008a900000, 0x000000008a900000| Complete 
|  82|0x000000008aa00000, 0x000000008aa00000, 0x000000008ab00000|  0%| F|  |TAMS 0x000000008aa00000, 0x000000008aa00000| Untracked 
|  83|0x000000008ab00000, 0x000000008ab00000, 0x000000008ac00000|  0%| F|  |TAMS 0x000000008ab00000, 0x000000008ab00000| Untracked 
|  84|0x000000008ac00000, 0x000000008ac00000, 0x000000008ad00000|  0%| F|  |TAMS 0x000000008ac00000, 0x000000008ac00000| Untracked 
|  85|0x000000008ad00000, 0x000000008ad00000, 0x000000008ae00000|  0%| F|  |TAMS 0x000000008ad00000, 0x000000008ad00000| Untracked 
|  86|0x000000008ae00000, 0x000000008ae00000, 0x000000008af00000|  0%| F|  |TAMS 0x000000008ae00000, 0x000000008ae00000| Untracked 
|  87|0x000000008af00000, 0x000000008af00000, 0x000000008b000000|  0%| F|  |TAMS 0x000000008af00000, 0x000000008af00000| Untracked 
|  88|0x000000008b000000, 0x000000008b000000, 0x000000008b100000|  0%| F|  |TAMS 0x000000008b000000, 0x000000008b000000| Untracked 
|  89|0x000000008b100000, 0x000000008b100000, 0x000000008b200000|  0%| F|  |TAMS 0x000000008b100000, 0x000000008b100000| Untracked 
|  90|0x000000008b200000, 0x000000008b200000, 0x000000008b300000|  0%| F|  |TAMS 0x000000008b200000, 0x000000008b200000| Untracked 
|  91|0x000000008b300000, 0x000000008b300000, 0x000000008b400000|  0%| F|  |TAMS 0x000000008b300000, 0x000000008b300000| Untracked 
|  92|0x000000008b400000, 0x000000008b400000, 0x000000008b500000|  0%| F|  |TAMS 0x000000008b400000, 0x000000008b400000| Untracked 
|  93|0x000000008b500000, 0x000000008b500000, 0x000000008b600000|  0%| F|  |TAMS 0x000000008b500000, 0x000000008b500000| Untracked 
|  94|0x000000008b600000, 0x000000008b600000, 0x000000008b700000|  0%| F|  |TAMS 0x000000008b600000, 0x000000008b600000| Untracked 
|  95|0x000000008b700000, 0x000000008b700000, 0x000000008b800000|  0%| F|  |TAMS 0x000000008b700000, 0x000000008b700000| Untracked 
|  96|0x000000008b800000, 0x000000008b800000, 0x000000008b900000|  0%| F|  |TAMS 0x000000008b800000, 0x000000008b800000| Untracked 
|  97|0x000000008b900000, 0x000000008b900000, 0x000000008ba00000|  0%| F|  |TAMS 0x000000008b900000, 0x000000008b900000| Untracked 
|  98|0x000000008ba00000, 0x000000008ba00000, 0x000000008bb00000|  0%| F|  |TAMS 0x000000008ba00000, 0x000000008ba00000| Untracked 
|  99|0x000000008bb00000, 0x000000008bb00000, 0x000000008bc00000|  0%| F|  |TAMS 0x000000008bb00000, 0x000000008bb00000| Untracked 
| 100|0x000000008bc00000, 0x000000008bc00000, 0x000000008bd00000|  0%| F|  |TAMS 0x000000008bc00000, 0x000000008bc00000| Untracked 
| 101|0x000000008bd00000, 0x000000008bd00000, 0x000000008be00000|  0%| F|  |TAMS 0x000000008bd00000, 0x000000008bd00000| Untracked 
| 102|0x000000008be00000, 0x000000008be00000, 0x000000008bf00000|  0%| F|  |TAMS 0x000000008be00000, 0x000000008be00000| Untracked 
| 103|0x000000008bf00000, 0x000000008bf00000, 0x000000008c000000|  0%| F|  |TAMS 0x000000008bf00000, 0x000000008bf00000| Untracked 
| 104|0x000000008c000000, 0x000000008c000000, 0x000000008c100000|  0%| F|  |TAMS 0x000000008c000000, 0x000000008c000000| Untracked 
| 105|0x000000008c100000, 0x000000008c100000, 0x000000008c200000|  0%| F|  |TAMS 0x000000008c100000, 0x000000008c100000| Untracked 
| 106|0x000000008c200000, 0x000000008c200000, 0x000000008c300000|  0%| F|  |TAMS 0x000000008c200000, 0x000000008c200000| Untracked 
| 107|0x000000008c300000, 0x000000008c300000, 0x000000008c400000|  0%| F|  |TAMS 0x000000008c300000, 0x000000008c300000| Untracked 
| 108|0x000000008c400000, 0x000000008c400000, 0x000000008c500000|  0%| F|  |TAMS 0x000000008c400000, 0x000000008c400000| Untracked 
| 109|0x000000008c500000, 0x000000008c500000, 0x000000008c600000|  0%| F|  |TAMS 0x000000008c500000, 0x000000008c500000| Untracked 
| 110|0x000000008c600000, 0x000000008c600000, 0x000000008c700000|  0%| F|  |TAMS 0x000000008c600000, 0x000000008c600000| Untracked 
| 111|0x000000008c700000, 0x000000008c700000, 0x000000008c800000|  0%| F|  |TAMS 0x000000008c700000, 0x000000008c700000| Untracked 
| 112|0x000000008c800000, 0x000000008c800000, 0x000000008c900000|  0%| F|  |TAMS 0x000000008c800000, 0x000000008c800000| Untracked 
| 113|0x000000008c900000, 0x000000008c900000, 0x000000008ca00000|  0%| F|  |TAMS 0x000000008c900000, 0x000000008c900000| Untracked 
| 114|0x000000008ca00000, 0x000000008ca00000, 0x000000008cb00000|  0%| F|  |TAMS 0x000000008ca00000, 0x000000008ca00000| Untracked 
| 115|0x000000008cb00000, 0x000000008cb00000, 0x000000008cc00000|  0%| F|  |TAMS 0x000000008cb00000, 0x000000008cb00000| Untracked 
| 116|0x000000008cc00000, 0x000000008cc00000, 0x000000008cd00000|  0%| F|  |TAMS 0x000000008cc00000, 0x000000008cc00000| Untracked 
| 117|0x000000008cd00000, 0x000000008cd00000, 0x000000008ce00000|  0%| F|  |TAMS 0x000000008cd00000, 0x000000008cd00000| Untracked 
| 118|0x000000008ce00000, 0x000000008ce00000, 0x000000008cf00000|  0%| F|  |TAMS 0x000000008ce00000, 0x000000008ce00000| Untracked 
| 119|0x000000008cf00000, 0x000000008cf00000, 0x000000008d000000|  0%| F|  |TAMS 0x000000008cf00000, 0x000000008cf00000| Untracked 
| 120|0x000000008d000000, 0x000000008d000000, 0x000000008d100000|  0%| F|  |TAMS 0x000000008d000000, 0x000000008d000000| Untracked 
| 121|0x000000008d100000, 0x000000008d100000, 0x000000008d200000|  0%| F|  |TAMS 0x000000008d100000, 0x000000008d100000| Untracked 
| 122|0x000000008d200000, 0x000000008d200000, 0x000000008d300000|  0%| F|  |TAMS 0x000000008d200000, 0x000000008d200000| Untracked 
| 123|0x000000008d300000, 0x000000008d300000, 0x000000008d400000|  0%| F|  |TAMS 0x000000008d300000, 0x000000008d300000| Untracked 
| 124|0x000000008d400000, 0x000000008d400000, 0x000000008d500000|  0%| F|  |TAMS 0x000000008d400000, 0x000000008d400000| Untracked 
| 125|0x000000008d500000, 0x000000008d500000, 0x000000008d600000|  0%| F|  |TAMS 0x000000008d500000, 0x000000008d500000| Untracked 
| 126|0x000000008d600000, 0x000000008d600000, 0x000000008d700000|  0%| F|  |TAMS 0x000000008d600000, 0x000000008d600000| Untracked 
| 127|0x000000008d700000, 0x000000008d700000, 0x000000008d800000|  0%| F|  |TAMS 0x000000008d700000, 0x000000008d700000| Untracked 
| 128|0x000000008d800000, 0x000000008d800000, 0x000000008d900000|  0%| F|  |TAMS 0x000000008d800000, 0x000000008d800000| Untracked 
| 129|0x000000008d900000, 0x000000008d900000, 0x000000008da00000|  0%| F|  |TAMS 0x000000008d900000, 0x000000008d900000| Untracked 
| 130|0x000000008da00000, 0x000000008da00000, 0x000000008db00000|  0%| F|  |TAMS 0x000000008da00000, 0x000000008da00000| Untracked 
| 131|0x000000008db00000, 0x000000008db00000, 0x000000008dc00000|  0%| F|  |TAMS 0x000000008db00000, 0x000000008db00000| Untracked 
| 132|0x000000008dc00000, 0x000000008dc00000, 0x000000008dd00000|  0%| F|  |TAMS 0x000000008dc00000, 0x000000008dc00000| Untracked 
| 133|0x000000008dd00000, 0x000000008dd00000, 0x000000008de00000|  0%| F|  |TAMS 0x000000008dd00000, 0x000000008dd00000| Untracked 
| 134|0x000000008de00000, 0x000000008de80800, 0x000000008df00000| 50%| E|  |TAMS 0x000000008de00000, 0x000000008de00000| Complete 
| 135|0x000000008df00000, 0x000000008e000000, 0x000000008e000000|100%| E|CS|TAMS 0x000000008df00000, 0x000000008df00000| Complete 
| 136|0x000000008e000000, 0x000000008e100000, 0x000000008e100000|100%| E|CS|TAMS 0x000000008e000000, 0x000000008e000000| Complete 
| 137|0x000000008e100000, 0x000000008e200000, 0x000000008e200000|100%| E|CS|TAMS 0x000000008e100000, 0x000000008e100000| Complete 
| 138|0x000000008e200000, 0x000000008e300000, 0x000000008e300000|100%| E|CS|TAMS 0x000000008e200000, 0x000000008e200000| Complete 
| 139|0x000000008e300000, 0x000000008e400000, 0x000000008e400000|100%| E|CS|TAMS 0x000000008e300000, 0x000000008e300000| Complete 
| 140|0x000000008e400000, 0x000000008e500000, 0x000000008e500000|100%| E|CS|TAMS 0x000000008e400000, 0x000000008e400000| Complete 
| 141|0x000000008e500000, 0x000000008e600000, 0x000000008e600000|100%| E|CS|TAMS 0x000000008e500000, 0x000000008e500000| Complete 
| 142|0x000000008e600000, 0x000000008e700000, 0x000000008e700000|100%| E|CS|TAMS 0x000000008e600000, 0x000000008e600000| Complete 
| 143|0x000000008e700000, 0x000000008e800000, 0x000000008e800000|100%| E|CS|TAMS 0x000000008e700000, 0x000000008e700000| Complete 
| 144|0x000000008e800000, 0x000000008e900000, 0x000000008e900000|100%| E|CS|TAMS 0x000000008e800000, 0x000000008e800000| Complete 
| 145|0x000000008e900000, 0x000000008ea00000, 0x000000008ea00000|100%| E|CS|TAMS 0x000000008e900000, 0x000000008e900000| Complete 
| 146|0x000000008ea00000, 0x000000008eb00000, 0x000000008eb00000|100%| E|CS|TAMS 0x000000008ea00000, 0x000000008ea00000| Complete 
| 147|0x000000008eb00000, 0x000000008ec00000, 0x000000008ec00000|100%| E|CS|TAMS 0x000000008eb00000, 0x000000008eb00000| Complete 
| 148|0x000000008ec00000, 0x000000008ed00000, 0x000000008ed00000|100%| E|CS|TAMS 0x000000008ec00000, 0x000000008ec00000| Complete 

Card table byte_map: [0x000002315e900000,0x000002315ece0000] _byte_map_base: 0x000002315e4d4000

Marking Bits (Prev, Next): (CMBitMap*) 0x0000023146dde740, (CMBitMap*) 0x0000023146dde708
 Prev Bits: [0x0000023160f60000, 0x0000023162e00000)
 Next Bits: [0x000002315f0c0000, 0x0000023160f60000)

Polling page: 0x0000023144cc0000

Metaspace:

Usage:
  Non-class:     53.29 MB capacity,    52.80 MB (>99%) used,   386.24 KB ( <1%) free+waste,   108.25 KB ( <1%) overhead. 
      Class:      7.23 MB capacity,     6.89 MB ( 95%) used,   295.98 KB (  4%) free+waste,    48.63 KB ( <1%) overhead. 
       Both:     60.52 MB capacity,    59.70 MB ( 99%) used,   682.23 KB (  1%) free+waste,   156.88 KB ( <1%) overhead. 

Virtual space:
  Non-class space:       54.00 MB reserved,      53.50 MB (>99%) committed 
      Class space:        1.00 GB reserved,       7.25 MB ( <1%) committed 
             Both:        1.05 GB reserved,      60.75 MB (  6%) committed 

Chunk freelists:
   Non-Class:  28.00 KB
       Class:  20.00 KB
        Both:  48.00 KB

MaxMetaspaceSize: 17179869184.00 GB
CompressedClassSpaceSize: 1.00 GB
Initial GC threshold: 20.80 MB
Current GC threshold: 98.54 MB
CDS: off

CodeHeap 'non-profiled nmethods': size=120064Kb used=3293Kb max_used=3293Kb free=116770Kb
 bounds [0x0000023156fe0000, 0x0000023157320000, 0x000002315e520000]
CodeHeap 'profiled nmethods': size=120000Kb used=16293Kb max_used=16293Kb free=103706Kb
 bounds [0x000002314fab0000, 0x0000023150aa0000, 0x0000023156fe0000]
CodeHeap 'non-nmethods': size=5696Kb used=1308Kb max_used=1346Kb free=4387Kb
 bounds [0x000002314f520000, 0x000002314f790000, 0x000002314fab0000]
 total_blobs=7397 nmethods=6813 adapters=494
 compilation: enabled
              stopped_count=0, restarted_count=0
 full_count=0

Compilation events (20 events):
Event: 27.417 Thread 0x0000023165cc3800 6754       1       org.jetbrains.kotlin.metadata.ProtoBuf$Class::getTypeParameterList (5 bytes)
Event: 27.417 Thread 0x0000023165cc3800 nmethod 6754 0x0000023157310810 code [0x00000231573109c0, 0x0000023157310a78]
Event: 27.419 Thread 0x0000023165cc3800 6756       1       org.jetbrains.kotlin.types.TypeConstructorSubstitution$Companion$createByConstructorsMap$1::approximateCapturedTypes (5 bytes)
Event: 27.419 Thread 0x0000023165cc3800 nmethod 6756 0x0000023157310b10 code [0x0000023157310cc0, 0x0000023157310d78]
Event: 27.428 Thread 0x0000023165cc3800 6757       3       org.jetbrains.kotlin.types.model.TypeSystemInferenceExtensionContext$DefaultImpls::isDefinitelyNotNullType (15 bytes)
Event: 27.429 Thread 0x0000023165cc3800 nmethod 6757 0x0000023150a33110 code [0x0000023150a33340, 0x0000023150a339e8]
Event: 27.429 Thread 0x0000023165cc3800 6760       3       org.jetbrains.kotlin.resolve.DescriptorUtils::isLocal (42 bytes)
Event: 27.429 Thread 0x0000023165cc3800 nmethod 6760 0x0000023150a33c90 code [0x0000023150a33ec0, 0x0000023150a34618]
Event: 27.429 Thread 0x0000023165cc3800 6758       3       org.jetbrains.kotlin.types.model.TypeSystemContext$DefaultImpls::isDefinitelyNotNullType (38 bytes)
Event: 27.430 Thread 0x0000023165cc3800 nmethod 6758 0x0000023150a34810 code [0x0000023150a34a60, 0x0000023150a35218]
Event: 27.430 Thread 0x0000023165cc3800 6759       3       org.jetbrains.kotlin.types.TypeWithEnhancementKt::inheritEnhancement (46 bytes)
Event: 27.431 Thread 0x0000023165cc3800 nmethod 6759 0x0000023150a35490 code [0x0000023150a35880, 0x0000023150a37148]
Event: 27.431 Thread 0x0000023165cc3800 6761       1       org.jetbrains.kotlin.load.kotlin.TypeMappingMode::getNeedPrimitiveBoxing (5 bytes)
Event: 27.431 Thread 0x0000023165cc3800 nmethod 6761 0x0000023157310e10 code [0x0000023157310fc0, 0x0000023157311078]
Event: 27.432 Thread 0x0000023165cc3800 6762       3       org.jetbrains.kotlin.types.checker.ClassicTypeSystemContext$DefaultImpls::isDefinitelyNotNullType (15 bytes)
Event: 27.433 Thread 0x0000023165cc3800 nmethod 6762 0x0000023150a37910 code [0x0000023150a37be0, 0x0000023150a38868]
Event: 27.451 Thread 0x0000023165cc3800 6763       3       org.jetbrains.kotlin.types.TypeUtils::makeNullableIfNeeded (29 bytes)
Event: 27.451 Thread 0x0000023165cc3800 nmethod 6763 0x0000023150a38c90 code [0x0000023150a38ec0, 0x0000023150a39468]
Event: 27.457 Thread 0x0000023165cc3800 6764       3       org.jetbrains.kotlin.load.java.structure.impl.JavaPackageImpl::<init> (42 bytes)
Event: 27.458 Thread 0x0000023165cc3800 nmethod 6764 0x0000023150a39690 code [0x0000023150a399c0, 0x0000023150a3abd8]

GC Heap History (14 events):
Event: 4.048 GC heap before
{Heap before GC invocations=0 (full 0):
 garbage-first heap   total 126976K, used 17408K [0x0000000085800000, 0x0000000100000000)
  region size 1024K, 14 young (14336K), 0 survivors (0K)
 Metaspace       used 9880K, capacity 10034K, committed 10112K, reserved 1058816K
  class space    used 826K, capacity 853K, committed 896K, reserved 1048576K
}
Event: 4.178 GC heap after
{Heap after GC invocations=1 (full 0):
 garbage-first heap   total 126976K, used 5357K [0x0000000085800000, 0x0000000100000000)
  region size 1024K, 2 young (2048K), 2 survivors (2048K)
 Metaspace       used 9880K, capacity 10034K, committed 10112K, reserved 1058816K
  class space    used 826K, capacity 853K, committed 896K, reserved 1048576K
}
Event: 7.257 GC heap before
{Heap before GC invocations=1 (full 0):
 garbage-first heap   total 126976K, used 51437K [0x0000000085800000, 0x0000000100000000)
  region size 1024K, 48 young (49152K), 2 survivors (2048K)
 Metaspace       used 20970K, capacity 21182K, committed 21248K, reserved 1069056K
  class space    used 2199K, capacity 2280K, committed 2304K, reserved 1048576K
}
Event: 7.275 GC heap after
{Heap after GC invocations=2 (full 0):
 garbage-first heap   total 126976K, used 9229K [0x0000000085800000, 0x0000000100000000)
  region size 1024K, 6 young (6144K), 6 survivors (6144K)
 Metaspace       used 20970K, capacity 21182K, committed 21248K, reserved 1069056K
  class space    used 2199K, capacity 2280K, committed 2304K, reserved 1048576K
}
Event: 11.691 GC heap before
{Heap before GC invocations=3 (full 0):
 garbage-first heap   total 126976K, used 62477K [0x0000000085800000, 0x0000000100000000)
  region size 1024K, 53 young (54272K), 6 survivors (6144K)
 Metaspace       used 32386K, capacity 32799K, committed 32896K, reserved 1077248K
  class space    used 3998K, capacity 4182K, committed 4224K, reserved 1048576K
}
Event: 11.734 GC heap after
{Heap after GC invocations=4 (full 0):
 garbage-first heap   total 126976K, used 20739K [0x0000000085800000, 0x0000000100000000)
  region size 1024K, 7 young (7168K), 7 survivors (7168K)
 Metaspace       used 32386K, capacity 32799K, committed 32896K, reserved 1077248K
  class space    used 3998K, capacity 4182K, committed 4224K, reserved 1048576K
}
Event: 12.760 GC heap before
{Heap before GC invocations=4 (full 0):
 garbage-first heap   total 126976K, used 33027K [0x0000000085800000, 0x0000000100000000)
  region size 1024K, 20 young (20480K), 7 survivors (7168K)
 Metaspace       used 35282K, capacity 35722K, committed 35840K, reserved 1081344K
  class space    used 4300K, capacity 4474K, committed 4480K, reserved 1048576K
}
Event: 12.777 GC heap after
{Heap after GC invocations=5 (full 0):
 garbage-first heap   total 126976K, used 20112K [0x0000000085800000, 0x0000000100000000)
  region size 1024K, 2 young (2048K), 2 survivors (2048K)
 Metaspace       used 35282K, capacity 35722K, committed 35840K, reserved 1081344K
  class space    used 4300K, capacity 4474K, committed 4480K, reserved 1048576K
}
Event: 17.258 GC heap before
{Heap before GC invocations=6 (full 0):
 garbage-first heap   total 126976K, used 73360K [0x0000000085800000, 0x0000000100000000)
  region size 1024K, 54 young (55296K), 2 survivors (2048K)
 Metaspace       used 45925K, capacity 46482K, committed 46592K, reserved 1089536K
  class space    used 5340K, capacity 5555K, committed 5632K, reserved 1048576K
}
Event: 17.288 GC heap after
{Heap after GC invocations=7 (full 0):
 garbage-first heap   total 126976K, used 25547K [0x0000000085800000, 0x0000000100000000)
  region size 1024K, 7 young (7168K), 7 survivors (7168K)
 Metaspace       used 45925K, capacity 46482K, committed 46592K, reserved 1089536K
  class space    used 5340K, capacity 5555K, committed 5632K, reserved 1048576K
}
Event: 20.687 GC heap before
{Heap before GC invocations=7 (full 0):
 garbage-first heap   total 126976K, used 84939K [0x0000000085800000, 0x0000000100000000)
  region size 1024K, 62 young (63488K), 7 survivors (7168K)
 Metaspace       used 52518K, capacity 53142K, committed 53376K, reserved 1095680K
  class space    used 5994K, capacity 6245K, committed 6272K, reserved 1048576K
}
Event: 20.721 GC heap after
{Heap after GC invocations=8 (full 0):
 garbage-first heap   total 126976K, used 35107K [0x0000000085800000, 0x0000000100000000)
  region size 1024K, 8 young (8192K), 8 survivors (8192K)
 Metaspace       used 52518K, capacity 53142K, committed 53376K, reserved 1095680K
  class space    used 5994K, capacity 6245K, committed 6272K, reserved 1048576K
}
Event: 25.561 GC heap before
{Heap before GC invocations=8 (full 0):
 garbage-first heap   total 126976K, used 77091K [0x0000000085800000, 0x0000000100000000)
  region size 1024K, 50 young (51200K), 8 survivors (8192K)
 Metaspace       used 59446K, capacity 60220K, committed 60288K, reserved 1101824K
  class space    used 6896K, capacity 7232K, committed 7296K, reserved 1048576K
}
Event: 25.720 GC heap after
{Heap after GC invocations=9 (full 0):
 garbage-first heap   total 152576K, used 39424K [0x0000000085800000, 0x0000000100000000)
  region size 1024K, 6 young (6144K), 6 survivors (6144K)
 Metaspace       used 59446K, capacity 60220K, committed 60288K, reserved 1101824K
  class space    used 6896K, capacity 7232K, committed 7296K, reserved 1048576K
}

Deoptimization events (20 events):
Event: 27.391 Thread 0x0000023146da1800 Uncommon trap: trap_request=0xffffffde fr.pc=0x0000023157220ccc relative=0x00000000000006ac
Event: 27.391 Thread 0x0000023146da1800 Uncommon trap: reason=class_check action=maybe_recompile pc=0x0000023157220ccc method=org.jetbrains.kotlin.storage.LockBasedStorageManager$LockBasedLazyValue.invoke()Ljava/lang/Object; @ 24 c2
Event: 27.391 Thread 0x0000023146da1800 DEOPT PACKING pc=0x0000023157220ccc sp=0x0000004d928f6c00
Event: 27.391 Thread 0x0000023146da1800 DEOPT UNPACKING pc=0x000002314f5285af sp=0x0000004d928f6ba8 mode 2
Event: 27.419 Thread 0x0000023146da1800 Uncommon trap: trap_request=0xffffffc6 fr.pc=0x00000231570e7294 relative=0x0000000000000074
Event: 27.419 Thread 0x0000023146da1800 Uncommon trap: reason=bimorphic_or_optimized_type_check action=maybe_recompile pc=0x00000231570e7294 method=java.util.Collections$UnmodifiableCollection.size()I @ 4 c2
Event: 27.419 Thread 0x0000023146da1800 DEOPT PACKING pc=0x00000231570e7294 sp=0x0000004d928f6940
Event: 27.419 Thread 0x0000023146da1800 DEOPT UNPACKING pc=0x000002314f5285af sp=0x0000004d928f68c8 mode 2
Event: 27.433 Thread 0x0000023146da1800 Uncommon trap: trap_request=0xffffffde fr.pc=0x00000231572c490c relative=0x0000000000000eac
Event: 27.433 Thread 0x0000023146da1800 Uncommon trap: reason=class_check action=maybe_recompile pc=0x00000231572c490c method=org.jetbrains.kotlin.serialization.deserialization.descriptors.DeserializedMemberScope.getContributedClassifier(Lorg/jetbrains/kotlin/name/Name;Lorg/jetbrains/kotlin/inc
Event: 27.433 Thread 0x0000023146da1800 DEOPT PACKING pc=0x00000231572c490c sp=0x0000004d928f7f50
Event: 27.433 Thread 0x0000023146da1800 DEOPT UNPACKING pc=0x000002314f5285af sp=0x0000004d928f7f48 mode 2
Event: 27.433 Thread 0x0000023146da1800 Uncommon trap: trap_request=0xffffffc6 fr.pc=0x00000231572d31f4 relative=0x0000000000000b94
Event: 27.433 Thread 0x0000023146da1800 Uncommon trap: reason=bimorphic_or_optimized_type_check action=maybe_recompile pc=0x00000231572d31f4 method=org.jetbrains.kotlin.serialization.deserialization.descriptors.DeserializedMemberScope.hasClass(Lorg/jetbrains/kotlin/name/Name;)Z @ 11 c2
Event: 27.433 Thread 0x0000023146da1800 DEOPT PACKING pc=0x00000231572d31f4 sp=0x0000004d928f7f30
Event: 27.433 Thread 0x0000023146da1800 DEOPT UNPACKING pc=0x000002314f5285af sp=0x0000004d928f7ed8 mode 2
Event: 27.433 Thread 0x0000023146da1800 Uncommon trap: trap_request=0xffffffde fr.pc=0x00000231572c490c relative=0x0000000000000eac
Event: 27.433 Thread 0x0000023146da1800 Uncommon trap: reason=class_check action=maybe_recompile pc=0x00000231572c490c method=org.jetbrains.kotlin.serialization.deserialization.descriptors.DeserializedMemberScope.getContributedClassifier(Lorg/jetbrains/kotlin/name/Name;Lorg/jetbrains/kotlin/inc
Event: 27.433 Thread 0x0000023146da1800 DEOPT PACKING pc=0x00000231572c490c sp=0x0000004d928f7f50
Event: 27.433 Thread 0x0000023146da1800 DEOPT UNPACKING pc=0x000002314f5285af sp=0x0000004d928f7f48 mode 2

Classes redefined (0 events):
No events

Internal exceptions (20 events):
Event: 12.282 Thread 0x0000023146da1800 Exception <a 'java/lang/NoSuchMethodError'{0x000000008c9041c8}: 'java.lang.Object java.lang.invoke.DirectMethodHandle$Holder.invokeVirtual(java.lang.Object, java.lang.Object, java.lang.Object)'> (0x000000008c9041c8) thrown at [./src/hotspot/share/interpreter/linkResolver.cpp, line 773]
Event: 15.010 Thread 0x0000023146da1800 Exception <a 'java/lang/NoSuchMethodError'{0x000000008ad13cd8}: 'java.lang.Object java.lang.invoke.Invokers$Holder.linkToTargetMethod(java.lang.Object, int, java.lang.Object)'> (0x000000008ad13cd8) thrown at [./src/hotspot/share/interpreter/linkResolver.cpp, line 773]
Event: 16.359 Thread 0x0000023146da1800 Exception <a 'java/lang/NoSuchMethodError'{0x000000008a5da458}: 'java.lang.Object java.lang.invoke.DirectMethodHandle$Holder.invokeStatic(java.lang.Object, java.lang.Object, java.lang.Object, int)'> (0x000000008a5da458) thrown at [./src/hotspot/share/interpreter/linkResolver.cpp, line 773]
Event: 16.360 Thread 0x0000023146da1800 Exception <a 'java/lang/NoSuchMethodError'{0x000000008a5de0c8}: 'java.lang.Object java.lang.invoke.DirectMethodHandle$Holder.invokeSpecial(java.lang.Object, java.lang.Object, java.lang.Object, java.lang.Object, int)'> (0x000000008a5de0c8) thrown at [./src/hotspot/share/interpreter/linkResolver.cpp, line 773]
Event: 16.360 Thread 0x0000023146da1800 Exception <a 'java/lang/NoSuchMethodError'{0x000000008a5e13d8}: 'java.lang.Object java.lang.invoke.Invokers$Holder.linkToTargetMethod(java.lang.Object, java.lang.Object, int, java.lang.Object)'> (0x000000008a5e13d8) thrown at [./src/hotspot/share/interpreter/linkResolver.cpp, line 773]
Event: 18.841 Thread 0x0000023146da1800 Exception <a 'java/lang/NoSuchMethodError'{0x000000008c3d04e8}: 'java.lang.Object java.lang.invoke.DirectMethodHandle$Holder.invokeSpecial(java.lang.Object, java.lang.Object, java.lang.Object, java.lang.Object, java.lang.Object, java.lang.Object, java.lang.Object, java.lang.Object, java.lang.Object)'> (0x000000008c3d04e8) thrown at [./src/hotspot/share/interpreter/linkResolver.cpp, line 773]
Event: 18.841 Thread 0x0000023146da1800 Exception <a 'java/lang/NoSuchMethodError'{0x000000008c3d46e0}: 'java.lang.Object java.lang.invoke.Invokers$Holder.linkToTargetMethod(java.lang.Object, java.lang.Object, java.lang.Object, java.lang.Object, java.lang.Object, java.lang.Object, java.lang.Object, java.lang.Object)'> (0x000000008c3d46e0) thrown at [./src/hotspot/share/interpreter/linkResolver.cpp, line 773]
Event: 18.907 Thread 0x0000023146da1800 Exception <a 'java/lang/NoSuchMethodError'{0x000000008c25f2e0}: 'java.lang.Object java.lang.invoke.Invokers$Holder.linkToTargetMethod(java.lang.Object, java.lang.Object, java.lang.Object, java.lang.Object, java.lang.Object, java.lang.Object)'> (0x000000008c25f2e0) thrown at [./src/hotspot/share/interpreter/linkResolver.cpp, line 773]
Event: 19.067 Thread 0x0000023146da1800 Implicit null exception at 0x0000023157085b75 to 0x0000023157085d48
Event: 19.279 Thread 0x0000023146da1800 Implicit null exception at 0x000002315703dbde to 0x000002315703e34a
Event: 19.280 Thread 0x0000023146da1800 Implicit null exception at 0x000002315701de2f to 0x000002315701de9d
Event: 21.533 Thread 0x0000023146da1800 Implicit null exception at 0x0000023157193c7e to 0x0000023157193ed8
Event: 21.591 Thread 0x0000023146da1800 Implicit null exception at 0x00000231571c9210 to 0x00000231571cb12c
Event: 22.328 Thread 0x0000023146da1800 Exception <a 'java/lang/NoSuchMethodError'{0x000000008c2f9e88}: 'int java.lang.invoke.DirectMethodHandle$Holder.invokeVirtual(java.lang.Object, java.lang.Object, java.lang.Object)'> (0x000000008c2f9e88) thrown at [./src/hotspot/share/interpreter/linkResolver.cpp, line 773]
Event: 22.339 Thread 0x0000023146da1800 Exception <a 'java/lang/NoSuchMethodError'{0x000000008c139ee0}: 'java.lang.Object java.lang.invoke.DirectMethodHandle$Holder.invokeSpecial(java.lang.Object, java.lang.Object, java.lang.Object, java.lang.Object, java.lang.Object, int)'> (0x000000008c139ee0) thrown at [./src/hotspot/share/interpreter/linkResolver.cpp, line 773]
Event: 22.340 Thread 0x0000023146da1800 Exception <a 'java/lang/NoSuchMethodError'{0x000000008c13d7d8}: 'java.lang.Object java.lang.invoke.Invokers$Holder.linkToTargetMethod(java.lang.Object, java.lang.Object, java.lang.Object, int, java.lang.Object)'> (0x000000008c13d7d8) thrown at [./src/hotspot/share/interpreter/linkResolver.cpp, line 773]
Event: 22.402 Thread 0x0000023146da1800 Exception <a 'java/lang/NoSuchMethodError'{0x000000008c088160}: 'void java.lang.invoke.DirectMethodHandle$Holder.invokeInterface(java.lang.Object, java.lang.Object)'> (0x000000008c088160) thrown at [./src/hotspot/share/interpreter/linkResolver.cpp, line 773]
Event: 23.649 Thread 0x0000023146da1800 Exception <a 'java/lang/NoSuchMethodError'{0x000000008b3dcae0}: 'java.lang.Object java.lang.invoke.DirectMethodHandle$Holder.invokeStaticInit(java.lang.Object, java.lang.Object, java.lang.Object)'> (0x000000008b3dcae0) thrown at [./src/hotspot/share/interpreter/linkResolver.cpp, line 773]
Event: 23.723 Thread 0x0000023146da1800 Exception <a 'java/lang/NoSuchMethodError'{0x000000008b2af930}: 'int java.lang.invoke.DirectMethodHandle$Holder.invokeStatic(java.lang.Object, java.lang.Object, java.lang.Object, java.lang.Object, java.lang.Object)'> (0x000000008b2af930) thrown at [./src/hotspot/share/interpreter/linkResolver.cpp, line 773]
Event: 26.744 Thread 0x0000023146da1800 Exception <a 'java/lang/NoSuchMethodError'{0x000000008e794bc8}: 'int java.lang.invoke.DirectMethodHandle$Holder.invokeStaticInit(java.lang.Object, int)'> (0x000000008e794bc8) thrown at [./src/hotspot/share/interpreter/linkResolver.cpp, line 773]

Events (20 events):
Event: 27.414 loading class org/jetbrains/kotlin/load/java/lazy/descriptors/LazyJavaClassMemberScope$computeNonDeclaredFunctions$4
Event: 27.414 loading class org/jetbrains/kotlin/load/java/lazy/descriptors/LazyJavaClassMemberScope$computeNonDeclaredFunctions$4 done
Event: 27.420 loading class org/jetbrains/kotlin/resolve/VisibilityUtilKt
Event: 27.420 loading class org/jetbrains/kotlin/resolve/VisibilityUtilKt done
Event: 27.422 loading class org/jetbrains/kotlin/resolve/OverridingUtil$6
Event: 27.422 loading class org/jetbrains/kotlin/resolve/OverridingUtil$6 done
Event: 27.424 loading class org/jetbrains/kotlin/resolve/OverridingUtil$7
Event: 27.424 loading class org/jetbrains/kotlin/resolve/OverridingUtil$7 done
Event: 27.424 loading class org/jetbrains/kotlin/resolve/OverridingUtil$2
Event: 27.424 loading class org/jetbrains/kotlin/resolve/OverridingUtil$2 done
Event: 27.425 loading class org/jetbrains/kotlin/resolve/DescriptorEquivalenceForOverrides
Event: 27.425 loading class org/jetbrains/kotlin/resolve/DescriptorEquivalenceForOverrides done
Event: 27.427 loading class org/jetbrains/kotlin/resolve/DescriptorEquivalenceForOverrides$areCallableDescriptorsEquivalent$1
Event: 27.427 loading class org/jetbrains/kotlin/resolve/DescriptorEquivalenceForOverrides$areCallableDescriptorsEquivalent$1 done
Event: 27.428 loading class org/jetbrains/kotlin/resolve/DescriptorEquivalenceForOverrides$areCallableDescriptorsEquivalent$overridingUtil$1
Event: 27.428 loading class org/jetbrains/kotlin/resolve/DescriptorEquivalenceForOverrides$areCallableDescriptorsEquivalent$overridingUtil$1 done
Event: 27.429 loading class org/jetbrains/kotlin/utils/SmartSet$ArrayIterator
Event: 27.429 loading class org/jetbrains/kotlin/utils/SmartSet$ArrayIterator done
Event: 27.460 loading class org/jetbrains/kotlin/resolve/constants/evaluate/ConstantExpressionEvaluatorKt
Event: 27.460 loading class org/jetbrains/kotlin/resolve/constants/evaluate/ConstantExpressionEvaluatorKt done


Dynamic libraries:
0x00007ff6b1250000 - 0x00007ff6b125d000 	C:\Program Files\Microsoft\jdk-11.0.18.10-hotspot\bin\java.exe
0x00007ff9db1c0000 - 0x00007ff9db3c9000 	C:\WINDOWS\SYSTEM32\ntdll.dll
0x00007ff9d9a10000 - 0x00007ff9d9ace000 	C:\WINDOWS\System32\KERNEL32.DLL
0x00007ff9d8ae0000 - 0x00007ff9d8e63000 	C:\WINDOWS\System32\KERNELBASE.dll
0x00007ff9d86e0000 - 0x00007ff9d87f1000 	C:\WINDOWS\System32\ucrtbase.dll
0x00007ff9931e0000 - 0x00007ff9931f7000 	C:\Program Files\Microsoft\jdk-11.0.18.10-hotspot\bin\jli.dll
0x00007ff991c00000 - 0x00007ff991c15000 	C:\Program Files\Microsoft\jdk-11.0.18.10-hotspot\bin\VCRUNTIME140.dll
0x00007ff9da450000 - 0x00007ff9da5fd000 	C:\WINDOWS\System32\USER32.dll
0x00007ff9d8ab0000 - 0x00007ff9d8ad6000 	C:\WINDOWS\System32\win32u.dll
0x00007ff9da6f0000 - 0x00007ff9da719000 	C:\WINDOWS\System32\GDI32.dll
0x00007ff9d8f10000 - 0x00007ff9d902a000 	C:\WINDOWS\System32\gdi32full.dll
0x00007ff9d8e70000 - 0x00007ff9d8f0d000 	C:\WINDOWS\System32\msvcp_win.dll
0x00007ff9b7470000 - 0x00007ff9b7715000 	C:\WINDOWS\WinSxS\amd64_microsoft.windows.common-controls_6595b64144ccf1df_6.0.22000.120_none_9d947278b86cc467\COMCTL32.dll
0x00007ff9d95c0000 - 0x00007ff9d9663000 	C:\WINDOWS\System32\msvcrt.dll
0x00007ff9daf80000 - 0x00007ff9dafb1000 	C:\WINDOWS\System32\IMM32.DLL
0x00007ff9869b0000 - 0x00007ff986a4b000 	C:\Program Files\Microsoft\jdk-11.0.18.10-hotspot\bin\msvcp140.dll
0x00007ff956290000 - 0x00007ff956e22000 	C:\Program Files\Microsoft\jdk-11.0.18.10-hotspot\bin\server\jvm.dll
0x00007ff9d9810000 - 0x00007ff9d98be000 	C:\WINDOWS\System32\ADVAPI32.dll
0x00007ff9da3b0000 - 0x00007ff9da44e000 	C:\WINDOWS\System32\sechost.dll
0x00007ff9d9ae0000 - 0x00007ff9d9c01000 	C:\WINDOWS\System32\RPCRT4.dll
0x00007ff9da7a0000 - 0x00007ff9da7a8000 	C:\WINDOWS\System32\PSAPI.DLL
0x00007ff9bd180000 - 0x00007ff9bd189000 	C:\WINDOWS\SYSTEM32\WSOCK32.dll
0x00007ff9d9c10000 - 0x00007ff9d9c7f000 	C:\WINDOWS\System32\WS2_32.dll
0x00007ff9d31b0000 - 0x00007ff9d31e3000 	C:\WINDOWS\SYSTEM32\WINMM.dll
0x00007ff9d1b70000 - 0x00007ff9d1b7a000 	C:\WINDOWS\SYSTEM32\VERSION.dll
0x00007ff9d76f0000 - 0x00007ff9d7708000 	C:\WINDOWS\SYSTEM32\kernel.appcore.dll
0x00007ff9930d0000 - 0x00007ff9930e0000 	C:\Program Files\Microsoft\jdk-11.0.18.10-hotspot\bin\verify.dll
0x00007ff9d6050000 - 0x00007ff9d6271000 	C:\WINDOWS\SYSTEM32\DBGHELP.DLL
0x00007ff9bd590000 - 0x00007ff9bd5c1000 	C:\WINDOWS\SYSTEM32\dbgcore.DLL
0x00007ff9d8800000 - 0x00007ff9d887f000 	C:\WINDOWS\System32\bcryptPrimitives.dll
0x00007ff991bd0000 - 0x00007ff991bf8000 	C:\Program Files\Microsoft\jdk-11.0.18.10-hotspot\bin\java.dll
0x00007ff991d90000 - 0x00007ff991d9a000 	C:\Program Files\Microsoft\jdk-11.0.18.10-hotspot\bin\jimage.dll
0x00007ff991bb0000 - 0x00007ff991bc8000 	C:\Program Files\Microsoft\jdk-11.0.18.10-hotspot\bin\zip.dll
0x00007ff9da7b0000 - 0x00007ff9daf75000 	C:\WINDOWS\System32\SHELL32.dll
0x00007ff9d6750000 - 0x00007ff9d6fb4000 	C:\WINDOWS\SYSTEM32\windows.storage.dll
0x00007ff9d90a0000 - 0x00007ff9d9416000 	C:\WINDOWS\System32\combase.dll
0x00007ff9d65e0000 - 0x00007ff9d6747000 	C:\WINDOWS\SYSTEM32\wintypes.dll
0x00007ff9d9670000 - 0x00007ff9d975a000 	C:\WINDOWS\System32\SHCORE.dll
0x00007ff9d94e0000 - 0x00007ff9d953d000 	C:\WINDOWS\System32\shlwapi.dll
0x00007ff9d85a0000 - 0x00007ff9d85c1000 	C:\WINDOWS\SYSTEM32\profapi.dll
0x00007ff98e930000 - 0x00007ff98e949000 	C:\Program Files\Microsoft\jdk-11.0.18.10-hotspot\bin\net.dll
0x00007ff9d39f0000 - 0x00007ff9d3b02000 	C:\WINDOWS\SYSTEM32\WINHTTP.dll
0x00007ff9d7b90000 - 0x00007ff9d7bf7000 	C:\WINDOWS\system32\mswsock.dll
0x00007ff98e530000 - 0x00007ff98e543000 	C:\Program Files\Microsoft\jdk-11.0.18.10-hotspot\bin\nio.dll

dbghelp: loaded successfully - version: 4.0.5 - missing functions: none
symbol engine: initialized successfully - sym options: 0x614 - pdb path: .;C:\Program Files\Microsoft\jdk-11.0.18.10-hotspot\bin;C:\WINDOWS\SYSTEM32;C:\WINDOWS\WinSxS\amd64_microsoft.windows.common-controls_6595b64144ccf1df_6.0.22000.120_none_9d947278b86cc467;C:\Program Files\Microsoft\jdk-11.0.18.10-hotspot\bin\server

VM Arguments:
java_command: org.jetbrains.kotlin.cli.jvm.K2JVMCompiler @F:\Rnvalves3\node_modules\react-native-gesture-handler\android\build\20230503_16338331985634623731.compiler.options
java_class_path (initial): C:\Users\Chand\.gradle\caches\modules-2\files-2.1\org.jetbrains.kotlin\kotlin-compiler-embeddable\1.6.21\97bdd5a752ce73b58ef16c17bc7f0ea2faff7a2e\kotlin-compiler-embeddable-1.6.21.jar;C:\Users\Chand\.gradle\caches\modules-2\files-2.1\org.jetbrains.kotlin\kotlin-reflect\1.6.21\5dc3574d9b7bebfcb4ec6b10ada4aaa9e140bd0b\kotlin-reflect-1.6.21.jar;C:\Users\Chand\.gradle\caches\modules-2\files-2.1\org.jetbrains.kotlin\kotlin-stdlib\1.6.21\11ef67f1900634fd951bad28c53ec957fabbe5b8\kotlin-stdlib-1.6.21.jar;C:\Users\Chand\.gradle\caches\modules-2\files-2.1\org.jetbrains.kotlin\kotlin-script-runtime\1.6.21\99c6675100da5d6d5b1c5a1032f27f28008d101b\kotlin-script-runtime-1.6.21.jar;C:\Users\Chand\.gradle\caches\modules-2\files-2.1\org.jetbrains.kotlin\kotlin-daemon-embeddable\1.6.21\46b78cf392e1c4f10854c3cadba44abb7b82250f\kotlin-daemon-embeddable-1.6.21.jar;C:\Users\Chand\.gradle\caches\modules-2\files-2.1\org.jetbrains.intellij.deps\trove4j\1.0.20200330\3afb14d5f9ceb459d724e907a21145e8ff394f02\trove4j-1.0.20200330.jar;C:\Users\Chand\.gradle\caches\modules-2\files-2.1\net.java.dev.jna\jna\5.6.0\330f2244e9030119ab3030fc3fededc86713d9cc\jna-5.6.0.jar;C:\Users\Chand\.gradle\caches\modules-2\files-2.1\org.jetbrains.kotlin\kotlin-stdlib-common\1.6.21\5e5b55c26dbc80372a920aef60eb774b714559b8\kotlin-stdlib-common-1.6.21.jar;C:\Users\Chand\.gradle\caches\modules-2\files-2.1\org.jetbrains\annotations\13.0\919f0dfe192fb4e063e7dacadee7f8bb9a2672a9\annotations-13.0.jar
Launcher Type: SUN_STANDARD

[Global flags]
     intx CICompilerCount                          = 3                                         {product} {ergonomic}
     uint ConcGCThreads                            = 1                                         {product} {ergonomic}
     uint G1ConcRefinementThreads                  = 4                                         {product} {ergonomic}
   size_t G1HeapRegionSize                         = 1048576                                   {product} {ergonomic}
    uintx GCDrainStackTargetSize                   = 64                                        {product} {ergonomic}
   size_t InitialHeapSize                          = 130023424                                 {product} {ergonomic}
   size_t MarkStackSize                            = 4194304                                   {product} {ergonomic}
   size_t MaxHeapSize                              = 2055208960                                {product} {ergonomic}
   size_t MaxNewSize                               = 1233125376                                {product} {ergonomic}
   size_t MinHeapDeltaBytes                        = 1048576                                   {product} {ergonomic}
    uintx NonNMethodCodeHeapSize                   = 5830732                                {pd product} {ergonomic}
    uintx NonProfiledCodeHeapSize                  = 122913754                              {pd product} {ergonomic}
    uintx ProfiledCodeHeapSize                     = 122913754                              {pd product} {ergonomic}
    uintx ReservedCodeCacheSize                    = 251658240                              {pd product} {ergonomic}
     bool SegmentedCodeCache                       = true                                      {product} {ergonomic}
     bool UseCompressedClassPointers               = true                                 {lp64_product} {ergonomic}
     bool UseCompressedOops                        = true                                 {lp64_product} {ergonomic}
     bool UseG1GC                                  = true                                      {product} {ergonomic}
     bool UseLargePagesIndividualAllocation        = false                                  {pd product} {ergonomic}

Logging:
Log output configuration:
 #0: stdout all=warning uptime,level,tags
 #1: stderr all=off uptime,level,tags

Environment Variables:
JAVA_HOME=C:\Program Files\Microsoft\jdk-11.0.18.10-hotspot\
CLASSPATH=F:\Rnvalves3\android\\gradle\wrapper\gradle-wrapper.jar
PATH=F:\Rnvalves3\android\node_modules\.bin;F:\Rnvalves3\node_modules\.bin;F:\node_modules\.bin;C:\Program Files\nodejs;F:\Rnvalves3\node_modules\.bin;F:\node_modules\.bin;C:\Users\Chand\AppData\Roaming\npm\node_modules\npm\node_modules\@npmcli\run-script\lib\node-gyp-bin;C:\Program Files\Microsoft\jdk-11.0.18.10-hotspot\bin;C:\Program Files\Eclipse Adoptium\jdk-11.0.17.8-hotspot\bin;C:\Python310\Scripts\;C:\Python310\;C:\Program Files\Common Files\Oracle\Java\javapath;C:\Python39\Scripts\;C:\Python39\;C:\WINDOWS\system32;C:\WINDOWS;C:\WINDOWS\System32\Wbem;C:\WINDOWS\System32\WindowsPowerShell\v1.0\;C:\WINDOWS\System32\OpenSSH\;C:\ProgramData\chocolatey\bin;C:\Program Files (x86)\PowerShell\7\;C:\Users\Chand\AppData\Local\Microsoft\WindowsApps;F:\Microsoft VS Code\bin;F:\python\python39\Scripts;F:\python\python39\Lib;F:\python\python39;C:\Program Files\JetBrains\IntelliJ IDEA Community Edition 2021.2\bin;C:\Users\Chand\AppData\Roaming\npm;C:\Program Files\heroku\bin;C:\Program Files\MongoDB\Server\5.0\bin;C:\adb;F:\Git\cmd;C:\Program Files\Java\jdk-19;C:\src\flutter\bin;C:\Program Files\nodejs\;C:\Program Files\Java\jdk-19\bin;C:\Program Files\Java\jdk-19\bin\keytool.exe;C:\Users\Chand\AppData\Local\GitHubDesktop\bin;F:\Rnvalves3\node_modules\.bin
USERNAME=Chand
OS=Windows_NT
PROCESSOR_IDENTIFIER=Intel64 Family 6 Model 140 Stepping 1, GenuineIntel
TMP=C:\Users\Chand\AppData\Local\Temp
TEMP=C:\Users\Chand\AppData\Local\Temp



---------------  S Y S T E M  ---------------

OS: Windows 11 , 64 bit Build 22000 (10.0.22000.1761)
OS uptime: 0 days 1:29 hours

CPU:total 4 (initial active 4) (2 cores per cpu, 2 threads per core) family 6 model 140 stepping 1 microcode 0x9a, cmov, cx8, fxsr, mmx, sse, sse2, sse3, ssse3, sse4.1, sse4.2, popcnt, avx, avx2, aes, clmul, erms, 3dnowpref, lzcnt, ht, tsc, tscinvbit, bmi1, bmi2, adx, evex, sha, fma

Memory: 4k page, system-wide physical 7834M (59M free)
TotalPageFile size 28999M (AvailPageFile size 7M)
current process WorkingSet (physical memory assigned to process): 183M, peak: 183M
current process commit charge ("private bytes"): 341M, peak: 341M

vm_info: OpenJDK 64-Bit Server VM (11.0.18+10-LTS) for windows-amd64 JRE (11.0.18+10-LTS), built on Jan 18 2023 15:56:47 by "MicrosoftCorporation" with MS VC++ 15.9 (VS2017)

END.
